[14:54:17] protect no
[14:54:17] protect byte: RDP=0x5aa5
[14:54:17] key/cmd trig up jdg
[14:54:19] key trig up nohard ver: 1
[14:54:19] [2J[1H
[14:54:19] _         _   _                  _          _ _
[14:54:19] | |    ___| |_| |_ ___ _ __   ___| |__   ___| | |
[14:54:19] | |   / _ \ __| __/ _ \ '__| / __| '_ \ / _ \ | |
[14:54:19] | |__|  __/ |_| ||  __/ |    \__ \ | | |  __/ | |
[14:54:19] |_____\___|\__|\__\___|_|    |___/_| |_|\___|_|_|
[14:54:19] Build:       Apr  1 2026 15:03:39
[14:54:19] Version:     3.2.0
[14:54:19] Copyright:   (c) 2020 Letter
[14:54:20] letter:/$
[14:54:21] dma id err: id=10 remain=289  size=300
[14:54:21] 22 40 00 00 62 8A 22 40 00 00
[14:54:21] 8A 22 40 00 00 62 22 40 00 00
[14:54:21] rd pos cnt=2
[14:54:21] --head --
[14:54:21] -- Compiled: Apr  3 2026 17:57:54 --
[14:54:21] enter app
[14:54:21] rd product
[14:54:21] cmd rv product
[14:54:21] rd param=0
[14:54:21] cmd rv param=0
[14:54:21] rd param=1
[14:54:21] cmd rv param=1
