[15:24:10] main sys
[15:24:10] app compile time:May 20 2026 14:18:31
[15:24:10] sys clock=120M
[15:24:10] sys0 clock=120M
[15:24:10] AHB clock=120M
[15:24:10] APB1 clock=60M
[15:24:10] APB2 clock=120M
[15:24:10] SOFT_VER=0x3320516
[15:24:10] upflash: dev=0x31303048, softver=0x6251219, flag=0xff505041, cnt=0, up=1474, check=0, cal_check=53609750
[15:24:10] Return: 1073754112, 0x40003000
[15:24:10] letter:/$
[15:24:11] letter:/$
[15:24:42] cir_0_28
[15:24:42] go to A
[15:24:50] cmd ndl sn=7
[15:24:50] en=1
[15:24:50] set_en=1
[15:24:50] key:pin=0 sta=0
[15:24:50] cmd normal
[15:24:50] sys_sta=1
[15:24:50] Raw height a:5,b:200,d:252,r:80,c:0
[15:24:50] Height 5 114 252 80
[15:24:50] a:876012,b:814814,d:755045,e:755045,s:814814,h:876012,s:870770,r:794367
[15:24:50] h:5,r:114,t:252,c:0,rg:80
[15:24:50] Raw height a:5,b:200,d:252,r:80,c:0
[15:24:50] Height 5 114 252 80
[15:24:50] a:876012,b:814814,d:755045,e:755045,s:814814,h:876012,s:870770,r:794367
[15:24:50] h:5,r:114,t:252,c:0,rg:80
[15:24:50] head sys sta=1
[15:24:50] cir_1_28
[15:24:50] go to B
[15:24:50] cmd shaft=1
[15:24:50] run=1
[15:24:50] go to B
[15:24:50] cur_on_dst
[15:24:50] emb start
[15:24:50] head emb_stat=2
[15:24:50] cmd close jump
[15:24:51] cur_on_dst
[15:24:51] E_B 1439
[15:24:51] B_E 2775
[15:24:51] E_B 1439
[15:24:51] B_E 2775
[15:24:51] E_B 1439
[15:24:51] B_E 2775
[15:24:52] E_B 1439
[15:24:52] B_E 2775
[15:24:52] E_B 1439
[15:24:52] B_E 2775
[15:24:52] E_B 1439
[15:24:52] B_E 2775
[15:24:52] E_B 1439
[15:24:52] B_E 2776
[15:24:52] E_B 1439
[15:24:52] B_E 2776
[15:24:52] E_B 1440
[15:24:52] B_E 2775
[15:24:52] E_B 1440
[15:24:52] B_E 2776
[15:24:52] E_B 1439
[15:24:52] Nndl=  2, L= 17, P=  2
[15:24:52] B_E 2775
[15:24:52] E_B 1439
[15:24:52] Nndl=  3, L= 17, P=  2
[15:24:52] B_E 2775
[15:24:53] E_B 1439
[15:24:53] Nndl=  4, L= 17, P=  2
[15:24:53] B_E 2775
[15:24:53] E_B 1439
[15:24:53] Nndl=  5, L= 15, P=  2
[15:24:53] B_E 2778
[15:24:53] E_B 1439
[15:24:53] Nndl=  6, L= 17, P=  1
[15:24:53] B_E 2775
[15:24:53] E_B 1439
[15:24:53] Nndl=  7, L= 19, P=  2
[15:24:53] B_E 2777
[15:24:53] E_B 1439
[15:24:53] Nndl=  8, L= 18, P=  2
[15:24:53] B_E 2775
[15:24:53] E_B 1439
[15:24:53] Nndl=  9, L= 19, P=  2
[15:24:53] B_E 2777
[15:24:53] E_B 1440
[15:24:53] Nndl= 10, L= 19, P=  1
[15:24:53] B_E 2776
[15:24:53] E_B 1439
[15:24:53] Nndl= 11, L= 18, P=  3
[15:24:53] B_E 2775
[15:24:53] E_B 1439
[15:24:53] Nndl= 12, L= 19, P=  1
[15:24:53] B_E 2775
[15:24:53] E_B 1439
[15:24:53] Nndl= 13, L= 19, P=  3
[15:24:53] B_E 2776
[15:24:53] E_B 1440
[15:24:53] Nndl= 14, L= 18, P=  2
[15:24:53] B_E 2775
[15:24:53] E_B 1441
[15:24:53] Nndl= 15, L= 19, P=  2
[15:24:53] B_E 2775
[15:24:53] E_B 1440
[15:24:53] Nndl= 16, L= 19, P=  2
[15:24:53] B_E 2777
[15:24:53] E_B 1440
[15:24:53] Nndl= 17, L= 18, P=  1
[15:24:53] B_E 2775
[15:24:53] E_B 1439
[15:24:53] Nndl= 18, L= 19, P=  2
[15:24:53] B_E 2776
[15:24:54] E_B 1442
[15:24:54] Nndl= 19, L= 18, P=  2
[15:24:54] B_E 2778
[15:24:54] E_B 1441
[15:24:54] Nndl= 20, L= 18, P=  2
[15:24:54] B_E 2778
[15:24:54] E_B 1441
[15:24:54] Nndl= 21, L= 18, P=  2
[15:24:54] B_E 2776
[15:24:54] E_B 1440
[15:24:54] Nndl= 22, L= 18, P=  3
[15:24:54] B_E 2775
[15:24:54] E_B 1439
[15:24:54] Nndl= 23, L= 18, P=  3
[15:24:54] B_E 2775
[15:24:54] E_B 1439
[15:24:54] Nndl= 24, L= 18, P=  2
[15:24:54] B_E 2777
[15:24:54] E_B 1440
[15:24:54] Nndl= 25, L= 18, P=  1
[15:24:54] B_E 2775
[15:24:54] E_B 1439
[15:24:54] Nndl= 26, L= 14, P=  2
[15:24:54] B_E 2775
[15:24:54] E_B 1441
[15:24:54] Nndl= 27, L= 15, P=  2
[15:24:54] B_E 2776
[15:24:54] E_B 1440
[15:24:54] Nndl= 28, L= 14, P=  1
[15:24:54] B_E 2775
[15:24:54] E_B 1441
[15:24:54] Nndl= 29, L= 18, P=  1
[15:24:54] B_E 2776
[15:24:54] E_B 1440
[15:24:54] Nndl= 30, L= 19, P=  2
[15:24:54] B_E 2777
[15:24:54] E_B 1439
[15:24:54] Nndl= 31, L= 18, P=  1
[15:24:54] B_E 2775
[15:24:54] E_B 1440
[15:24:54] Nndl= 32, L= 19, P=  2
[15:24:54] B_E 2776
[15:24:54] E_B 1441
[15:24:54] Nndl= 33, L= 18, P=  1
[15:24:54] B_E 2775
[15:24:54] E_B 1439
[15:24:54] Nndl= 34, L= 18, P=  2
[15:24:54] B_E 2777
[15:24:54] E_B 1439
[15:24:55] Nndl= 35, L= 19, P=  4
[15:24:55] B_E 2775
[15:24:55] E_B 1440
[15:24:55] Nndl= 36, L= 18, P=  2
[15:24:55] B_E 2775
[15:24:55] E_B 1439
[15:24:55] Nndl= 37, L= 19, P=  2
[15:24:55] B_E 2777
[15:24:55] E_B 1441
[15:24:55] Nndl= 38, L= 18, P=  1
[15:24:55] B_E 2776
[15:24:55] E_B 1440
[15:24:55] Nndl= 39, L= 19, P=  1
[15:24:55] B_E 2775
[15:24:55] E_B 1439
[15:24:55] Nndl= 40, L= 19, P=  2
[15:24:55] B_E 2775
[15:24:55] E_B 1439
[15:24:55] Nndl= 41, L= 19, P=  1
[15:24:55] B_E 2776
[15:24:55] E_B 1439
[15:24:55] Nndl= 42, L= 19, P=  2
[15:24:55] B_E 2776
[15:24:55] E_B 1439
[15:24:55] Nndl= 43, L= 19, P=  2
[15:24:55] B_E 2777
[15:24:55] E_B 1440
[15:24:55] Nndl= 44, L= 19, P=  2
[15:24:55] B_E 2775
[15:24:55] E_B 1439
[15:24:55] Nndl= 45, L= 19, P=  1
[15:24:55] B_E 2775
[15:24:55] E_B 1442
[15:24:55] Nndl= 46, L= 19, P=  4
[15:24:55] B_E 2775
[15:24:55] E_B 1440
[15:24:55] Nndl= 47, L= 19, P=  2
[15:24:55] B_E 2775
[15:24:55] E_B 1441
[15:24:55] Nndl= 48, L= 20, P=  1
[15:24:55] B_E 2776
[15:24:55] E_B 1440
[15:24:55] Nndl= 49, L= 19, P=  1
[15:24:55] B_E 2776
[15:24:55] E_B 1439
[15:24:55] Nndl= 50, L= 19, P=  1
[15:24:55] B_E 2775
[15:24:55] E_B 1441
[15:24:55] Nndl= 51, L= 19, P=  1
[15:24:55] B_E 2776
[15:24:56] E_B 1440
[15:24:56] Nndl= 52, L= 19, P=  2
[15:24:56] B_E 2775
[15:24:56] E_B 1440
[15:24:56] Nndl= 53, L= 19, P=  1
[15:24:56] B_E 2775
[15:24:56] E_B 1441
[15:24:56] Nndl= 54, L= 19, P=  3
[15:24:56] B_E 2775
[15:24:56] E_B 1440
[15:24:56] Nndl= 55, L= 19, P=  1
[15:24:56] B_E 2776
[15:24:56] E_B 1439
[15:24:56] Nndl= 56, L= 19, P=  2
[15:24:56] B_E 2775
[15:24:56] E_B 1440
[15:24:56] Nndl= 57, L= 20, P=  2
[15:24:56] B_E 2777
[15:24:56] E_B 1443
[15:24:56] Nndl= 58, L= 19, P=  1
[15:24:56] B_E 2779
[15:24:56] E_B 1441
[15:24:56] Nndl= 59, L= 20, P=  3
[15:24:56] B_E 2776
[15:24:56] E_B 1440
[15:24:56] Nndl= 60, L= 19, P=  1
[15:24:56] B_E 2775
[15:24:56] E_B 1439
[15:24:56] Nndl= 61, L= 20, P=  3
[15:24:56] B_E 2776
[15:24:56] E_B 1439
[15:24:56] Nndl= 62, L= 19, P=  2
[15:24:56] B_E 2775
[15:24:56] E_B 1439
[15:24:56] Nndl= 63, L= 20, P=  2
[15:24:56] B_E 2775
[15:24:56] E_B 1441
[15:24:56] Nndl= 64, L= 19, P=  1
[15:24:56] B_E 2775
[15:24:56] E_B 1440
[15:24:56] Nndl= 65, L= 19, P=  2
[15:24:56] B_E 2777
[15:24:56] E_B 1440
[15:24:56] Nndl= 66, L= 18, P=  2
[15:24:56] B_E 2776
[15:24:56] E_B 1440
[15:24:56] Nndl= 67, L= 17, P=  1
[15:24:56] B_E 2777
[15:24:56] E_B 1441
[15:24:56] Nndl= 68, L= 18, P=  2
[15:24:56] B_E 2775
[15:24:57] E_B 1439
[15:24:57] Nndl= 69, L= 17, P=  1
[15:24:57] B_E 2775
[15:24:57] E_B 1439
[15:24:57] Nndl= 70, L= 18, P=  2
[15:24:57] B_E 2775
[15:24:57] E_B 1440
[15:24:57] Nndl= 71, L= 17, P=  2
[15:24:57] B_E 2775
[15:24:57] E_B 1442
[15:24:57] Nndl= 72, L= 17, P=  1
[15:24:57] B_E 2776
[15:24:57] E_B 1440
[15:24:57] Nndl= 73, L= 18, P=  1
[15:24:57] B_E 2775
[15:24:57] E_B 1439
[15:24:57] Nndl= 74, L= 17, P=  2
[15:24:57] B_E 2776
[15:24:57] E_B 1441
[15:24:57] Nndl= 75, L= 17, P=  0
[15:24:57] *btm bk=1 bot=0 cmp=1
[15:24:57] B_E 2776
[15:24:57] E_B 1441
[15:24:57] Nndl= 76, L= 20, P=  2
[15:24:57] B_E 2775
[15:24:57] E_B 1440
[15:24:57] Nndl= 77, L= 19, P=  1
[15:24:57] B_E 2777
[15:24:57] E_B 1440
[15:24:57] Nndl= 78, L= 20, P=  2
[15:24:57] B_E 2775
[15:24:57] E_B 1440
[15:24:57] Nndl= 79, L= 19, P=  3
[15:24:57] B_E 2777
[15:24:57] E_B 1440
[15:24:57] Nndl= 80, L= 20, P=  2
[15:24:57] B_E 2775
[15:24:57] E_B 1439
[15:24:57] Nndl= 81, L= 20, P=  3
[15:24:57] B_E 2775
[15:24:57] E_B 1441
[15:24:57] Nndl= 82, L= 19, P=  2
[15:24:57] B_E 2775
[15:24:57] E_B 1440
[15:24:57] Nndl= 83, L= 20, P=  2
[15:24:57] B_E 2775
[15:24:57] E_B 1440
[15:24:57] Nndl= 84, L= 19, P=  2
[15:24:57] B_E 2776
[15:24:57] E_B 1441
[15:24:58] Nndl= 85, L= 20, P=  3
[15:24:58] B_E 2777
[15:24:58] E_B 1439
[15:24:58] Nndl= 86, L= 19, P=  2
[15:24:58] B_E 2775
[15:24:58] E_B 1441
[15:24:58] Nndl= 87, L= 20, P=  2
[15:24:58] B_E 2776
[15:24:58] E_B 1440
[15:24:58] Nndl= 88, L= 20, P=  2
[15:24:58] B_E 2777
[15:24:58] E_B 1440
[15:24:58] Nndl= 89, L= 19, P=  2
[15:24:58] B_E 2776
[15:24:58] E_B 1439
[15:24:58] Nndl= 90, L= 14, P=  2
[15:24:58] B_E 2775
[15:24:58] E_B 1439
[15:24:58] Nndl= 91, L= 14, P=  2
[15:24:58] B_E 2777
[15:24:58] E_B 1439
[15:24:58] Nndl= 92, L= 14, P=  2
[15:24:58] B_E 2776
[15:24:58] E_B 1440
[15:24:58] Nndl= 93, L= 19, P=  0
[15:24:58] *btm bk=1 bot=0 cmp=1
[15:24:58] B_E 2775
[15:24:58] E_B 1441
[15:24:58] Nndl= 94, L= 19, P=  2
[15:24:58] B_E 2777
[15:24:58] E_B 1439
[15:24:58] Nndl= 95, L= 19, P=  3
[15:24:58] B_E 2775
[15:24:58] E_B 1439
[15:24:58] Nndl= 96, L= 19, P=  1
[15:24:58] B_E 2775
[15:24:58] E_B 1439
[15:24:58] Nndl= 97, L= 19, P=  2
[15:24:58] B_E 2777
[15:24:58] E_B 1439
[15:24:58] Nndl= 98, L= 19, P=  2
[15:24:58] B_E 2776
[15:24:58] E_B 1440
[15:24:58] Nndl= 99, L= 19, P=  2
[15:24:58] B_E 2775
[15:24:58] E_B 1439
[15:24:58] Nndl=100, L= 19, P=  2
[15:24:58] B_E 2775
[15:24:58] E_B 1440
[15:24:58] Nndl=101, L= 20, P=  2
[15:24:58] B_E 2776
[15:24:59] E_B 1439
[15:24:59] Nndl=102, L= 19, P=  8
[15:24:59] B_E 2777
[15:24:59] E_B 1440
[15:24:59] Nndl=103, L= 19, P=  1
[15:24:59] B_E 2776
[15:24:59] E_B 1441
[15:24:59] Nndl=104, L= 19, P=  1
[15:24:59] B_E 2775
[15:24:59] E_B 1439
[15:24:59] Nndl=105, L= 19, P=  1
[15:24:59] B_E 2776
[15:24:59] E_B 1440
[15:24:59] Nndl=106, L= 19, P=  1
[15:24:59] B_E 2776
[15:24:59] E_B 1439
[15:24:59] Nndl=107, L= 18, P=  2
[15:24:59] B_E 2775
[15:24:59] E_B 1439
[15:24:59] Nndl=108, L= 18, P=  1
[15:24:59] B_E 2775
[15:24:59] E_B 1440
[15:24:59] Nndl=109, L= 19, P=  3
[15:24:59] B_E 2775
[15:24:59] E_B 1439
[15:24:59] Nndl=110, L= 18, P=  2
[15:24:59] B_E 2775
[15:24:59] E_B 1440
[15:24:59] Nndl=111, L= 18, P=  3
[15:24:59] B_E 2775
[15:24:59] E_B 1440
[15:24:59] Nndl=112, L= 18, P=  2
[15:24:59] B_E 2777
[15:24:59] E_B 1439
[15:24:59] Nndl=113, L= 17, P=  2
[15:24:59] B_E 2776
[15:24:59] E_B 1439
[15:24:59] Nndl=114, L= 18, P=  2
[15:24:59] B_E 2775
[15:24:59] E_B 1439
[15:24:59] Nndl=115, L= 17, P=  1
[15:24:59] B_E 2775
[15:24:59] E_B 1439
[15:24:59] Nndl=116, L= 18, P=  3
[15:24:59] B_E 2775
[15:24:59] E_B 1441
[15:24:59] Nndl=117, L= 18, P=  1
[15:24:59] B_E 2775
[15:24:59] E_B 1439
[15:25:00] Nndl=118, L= 18, P=  2
[15:25:00] B_E 2777
[15:25:00] E_B 1440
[15:25:00] Nndl=119, L= 18, P=  1
[15:25:00] B_E 2776
[15:25:00] E_B 1439
[15:25:00] Nndl=120, L= 18, P=  1
[15:25:00] B_E 2775
[15:25:00] E_B 1439
[15:25:00] Nndl=121, L= 18, P=  3
[15:25:00] B_E 2775
[15:25:00] E_B 1440
[15:25:00] Nndl=122, L= 18, P=  2
[15:25:00] B_E 2775
[15:25:00] E_B 1439
[15:25:00] Nndl=123, L= 18, P=  2
[15:25:00] B_E 2776
[15:25:00] E_B 1441
[15:25:00] Nndl=124, L= 18, P=  2
[15:25:00] B_E 2776
[15:25:00] E_B 1440
[15:25:00] Nndl=125, L= 17, P=  2
[15:25:00] B_E 2775
[15:25:00] E_B 1440
[15:25:00] Nndl=126, L= 18, P=  2
[15:25:00] B_E 2776
[15:25:00] E_B 1439
[15:25:00] Nndl=127, L= 18, P=  1
[15:25:00] B_E 2776
[15:25:00] E_B 1440
[15:25:00] Nndl=128, L= 18, P=  3
[15:25:00] B_E 2777
[15:25:00] E_B 1440
[15:25:00] Nndl=129, L= 17, P=  2
[15:25:00] B_E 2775
[15:25:00] E_B 1440
[15:25:00] Nndl=130, L= 18, P=  1
[15:25:00] B_E 2775
[15:25:00] E_B 1439
[15:25:00] Nndl=131, L= 18, P=  3
[15:25:00] B_E 2775
[15:25:00] E_B 1441
[15:25:00] Nndl=132, L= 19, P=  2
[15:25:00] B_E 2776
[15:25:00] E_B 1439
[15:25:00] Nndl=133, L= 18, P=  3
[15:25:00] B_E 2775
[15:25:00] E_B 1440
[15:25:00] Nndl=134, L= 19, P=  1
[15:25:00] B_E 2775
[15:25:00] E_B 1439
[15:25:01] Nndl=135, L= 18, P=  2
[15:25:01] B_E 2776
[15:25:01] E_B 1441
[15:25:01] Nndl=136, L= 19, P=  1
[15:25:01] B_E 2775
[15:25:01] E_B 1440
[15:25:01] Nndl=137, L= 18, P=  2
[15:25:01] B_E 2775
[15:25:01] E_B 1440
[15:25:01] Nndl=138, L= 19, P=  1
[15:25:01] B_E 2775
[15:25:01] E_B 1440
[15:25:01] Nndl=139, L= 18, P=  1
[15:25:01] B_E 2776
[15:25:01] E_B 1439
[15:25:01] Nndl=140, L= 19, P=  2
[15:25:01] B_E 2777
[15:25:01] E_B 1439
[15:25:01] Nndl=141, L= 18, P=  1
[15:25:01] B_E 2775
[15:25:01] E_B 1439
[15:25:01] Nndl=142, L= 19, P=  2
[15:25:01] B_E 2777
[15:25:01] E_B 1440
[15:25:01] Nndl=143, L= 19, P=  1
[15:25:01] B_E 2775
[15:25:01] E_B 1440
[15:25:01] Nndl=144, L= 19, P=  1
[15:25:01] B_E 2776
[15:25:01] E_B 1441
[15:25:01] Nndl=145, L= 20, P=  1
[15:25:01] B_E 2775
[15:25:01] E_B 1439
[15:25:01] Nndl=146, L= 19, P=  1
[15:25:01] B_E 2775
[15:25:01] E_B 1440
[15:25:01] Nndl=147, L= 19, P=  2
[15:25:01] B_E 2776
[15:25:01] E_B 1441
[15:25:01] Nndl=148, L= 19, P=  1
[15:25:01] B_E 2777
[15:25:01] E_B 1442
[15:25:01] Nndl=149, L= 19, P=  1
[15:25:01] B_E 2777
[15:25:01] E_B 1439
[15:25:01] Nndl=150, L= 19, P=  1
[15:25:01] B_E 2775
[15:25:01] E_B 1439
[15:25:01] Nndl=151, L= 20, P=  1
[15:25:01] B_E 2775
[15:25:02] E_B 1439
[15:25:02] Nndl=152, L= 19, P=  2
[15:25:02] B_E 2776
[15:25:02] E_B 1441
[15:25:02] Nndl=153, L= 19, P=  0
[15:25:02] *btm bk=1 bot=0 cmp=1
[15:25:02] B_E 2775
[15:25:02] E_B 1441
[15:25:02] Nndl=154, L= 19, P=  1
[15:25:02] B_E 2775
[15:25:02] E_B 1439
[15:25:02] Nndl=155, L= 19, P=  1
[15:25:02] B_E 2777
[15:25:02] E_B 1439
[15:25:02] Nndl=156, L= 19, P=  1
[15:25:02] B_E 2775
[15:25:02] E_B 1440
[15:25:02] Nndl=157, L= 20, P=  1
[15:25:02] B_E 2775
[15:25:02] E_B 1441
[15:25:02] Nndl=158, L= 19, P=  1
[15:25:02] B_E 2775
[15:25:02] E_B 1439
[15:25:02] Nndl=159, L= 19, P=  1
[15:25:02] B_E 2775
[15:25:02] E_B 1439
[15:25:02] Nndl=160, L= 19, P=  1
[15:25:02] B_E 2777
[15:25:02] E_B 1441
[15:25:02] Nndl=161, L= 18, P=  1
[15:25:02] B_E 2779
[15:25:02] E_B 1440
[15:25:02] Nndl=162, L= 19, P=  3
[15:25:02] B_E 2775
[15:25:02] E_B 1441
[15:25:02] Nndl=163, L= 18, P=  2
[15:25:02] B_E 2776
[15:25:02] E_B 1439
[15:25:02] Nndl=164, L= 19, P=  1
[15:25:02] B_E 2776
[15:25:02] E_B 1440
[15:25:02] Nndl=165, L= 19, P=  1
[15:25:02] B_E 2775
[15:25:02] E_B 1440
[15:25:02] Nndl=166, L= 18, P=  2
[15:25:02] B_E 2776
[15:25:02] E_B 1440
[15:25:02] Nndl=167, L= 19, P=  2
[15:25:02] B_E 2777
[15:25:02] E_B 1439
[15:25:02] Nndl=168, L= 18, P=  2
[15:25:02] B_E 2776
[15:25:03] E_B 1439
[15:25:03] Nndl=169, L= 19, P=  2
[15:25:03] B_E 2775
[15:25:03] E_B 1439
[15:25:03] Nndl=170, L= 18, P=  1
[15:25:03] B_E 2775
[15:25:03] E_B 1440
[15:25:03] Nndl=171, L= 18, P=  4
[15:25:03] B_E 2777
[15:25:03] E_B 1441
[15:25:03] Nndl=172, L= 15, P=  2
[15:25:03] B_E 2776
[15:25:03] E_B 1440
[15:25:03] Nndl=173, L= 15, P=  2
[15:25:03] B_E 2775
[15:25:03] E_B 1439
[15:25:03] Nndl=174, L= 15, P=  1
[15:25:03] B_E 2777
[15:25:03] E_B 1439
[15:25:03] Nndl=175, L= 19, P=  1
[15:25:03] B_E 2775
[15:25:03] E_B 1440
[15:25:03] Nndl=176, L= 18, P=  3
[15:25:03] B_E 2775
[15:25:03] E_B 1441
[15:25:03] Nndl=177, L= 19, P=  1
[15:25:03] B_E 2777
[15:25:03] E_B 1440
[15:25:03] Nndl=178, L= 19, P=  2
[15:25:03] B_E 2776
[15:25:03] E_B 1440
[15:25:03] Nndl=179, L= 18, P=  1
[15:25:03] B_E 2776
[15:25:03] E_B 1440
[15:25:03] Nndl=180, L= 19, P=  3
[15:25:03] B_E 2777
[15:25:03] E_B 1439
[15:25:03] Nndl=181, L= 19, P=  1
[15:25:03] B_E 2777
[15:25:03] E_B 1441
[15:25:03] Nndl=182, L= 19, P=  2
[15:25:03] B_E 2777
[15:25:03] E_B 1440
[15:25:03] Nndl=183, L= 19, P=  1
[15:25:03] B_E 2775
[15:25:03] E_B 1439
[15:25:03] Nndl=184, L= 19, P=  2
[15:25:03] B_E 2776
[15:25:03] E_B 1440
[15:25:04] Nndl=185, L= 19, P=  2
[15:25:04] B_E 2776
[15:25:04] E_B 1439
[15:25:04] Nndl=186, L= 19, P=  3
[15:25:04] B_E 2776
[15:25:04] E_B 1439
[15:25:04] Nndl=187, L= 19, P=  2
[15:25:04] B_E 2780
[15:25:04] E_B 1441
[15:25:04] Nndl=188, L= 19, P=  2
[15:25:04] B_E 2776
[15:25:04] E_B 1439
[15:25:04] Nndl=189, L= 19, P=  2
[15:25:04] B_E 2777
[15:25:04] E_B 1441
[15:25:04] Nndl=190, L= 19, P=  1
[15:25:04] B_E 2776
[15:25:04] E_B 1439
[15:25:04] Nndl=191, L= 19, P=  2
[15:25:04] B_E 2776
[15:25:04] E_B 1439
[15:25:04] Nndl=192, L= 18, P=  2
[15:25:04] B_E 2775
[15:25:04] E_B 1439
[15:25:04] Nndl=193, L= 19, P=  2
[15:25:04] B_E 2775
[15:25:04] E_B 1441
[15:25:04] Nndl=194, L= 18, P=  2
[15:25:04] B_E 2775
[15:25:04] E_B 1439
[15:25:04] Nndl=195, L= 19, P=  1
[15:25:04] B_E 2775
[15:25:04] E_B 1439
[15:25:04] Nndl=196, L= 18, P=  1
[15:25:04] B_E 2775
[15:25:04] E_B 1440
[15:25:04] Nndl=197, L= 19, P=  3
[15:25:04] B_E 2775
[15:25:04] E_B 1439
[15:25:04] Nndl=198, L= 19, P=  1
[15:25:04] B_E 2775
[15:25:04] E_B 1441
[15:25:04] Nndl=199, L= 20, P=  4
[15:25:04] B_E 2775
[15:25:04] E_B 1439
[15:25:04] Nndl=200, L= 19, P=  1
[15:25:04] B_E 2777
[15:25:04] E_B 1441
[15:25:04] Nndl=201, L= 20, P=  2
[15:25:04] B_E 2776
[15:25:05] E_B 1440
[15:25:05] Nndl=202, L= 19, P=  2
[15:25:05] B_E 2776
[15:25:05] E_B 1439
[15:25:05] Nndl=203, L= 20, P=  1
[15:25:05] B_E 2775
[15:25:05] E_B 1440
[15:25:05] Nndl=204, L= 20, P=  2
[15:25:05] B_E 2775
[15:25:05] E_B 1439
[15:25:05] Nndl=205, L= 19, P=  2
[15:25:05] B_E 2775
[15:25:05] E_B 1440
[15:25:05] Nndl=206, L= 20, P=  1
[15:25:05] B_E 2775
[15:25:05] E_B 1441
[15:25:05] Nndl=207, L= 20, P=  2
[15:25:05] B_E 2775
[15:25:05] E_B 1439
[15:25:05] Nndl=208, L= 19, P=  2
[15:25:05] B_E 2775
[15:25:05] E_B 1440
[15:25:05] Nndl=209, L= 20, P=  1
[15:25:05] B_E 2776
[15:25:05] E_B 1440
[15:25:05] Nndl=210, L= 20, P=  2
[15:25:05] B_E 2776
[15:25:05] E_B 1440
[15:25:05] Nndl=211, L= 19, P=  1
[15:25:05] B_E 2775
[15:25:05] E_B 1439
[15:25:05] Nndl=212, L= 20, P=  2
[15:25:05] B_E 2777
[15:25:05] E_B 1439
[15:25:05] Nndl=213, L= 19, P=  1
[15:25:05] B_E 2779
[15:25:05] E_B 1439
[15:25:05] Nndl=214, L= 20, P=  2
[15:25:05] B_E 2777
[15:25:05] E_B 1439
[15:25:05] Nndl=215, L= 19, P=  1
[15:25:05] B_E 2775
[15:25:05] E_B 1441
[15:25:05] Nndl=216, L= 20, P=  1
[15:25:05] B_E 2776
[15:25:05] E_B 1439
[15:25:05] Nndl=217, L= 20, P=  2
[15:25:05] B_E 2776
[15:25:05] E_B 1439
[15:25:05] Nndl=218, L= 19, P=  2
[15:25:06] B_E 2775
[15:25:06] E_B 1440
[15:25:06] Nndl=219, L= 20, P=  1
[15:25:06] B_E 2775
[15:25:06] E_B 1440
[15:25:06] Nndl=220, L= 19, P=  2
[15:25:06] B_E 2777
[15:25:06] E_B 1439
[15:25:06] Nndl=221, L= 20, P=  1
[15:25:06] B_E 2776
[15:25:06] E_B 1440
[15:25:06] Nndl=222, L= 20, P=  2
[15:25:06] B_E 2777
[15:25:06] E_B 1440
[15:25:06] Nndl=223, L= 19, P=  2
[15:25:06] B_E 2775
[15:25:06] E_B 1439
[15:25:06] Nndl=224, L= 20, P=  1
[15:25:06] B_E 2777
[15:25:06] E_B 1440
[15:25:06] Nndl=225, L= 19, P=  1
[15:25:06] B_E 2777
[15:25:06] E_B 1439
[15:25:06] Nndl=226, L= 20, P=  3
[15:25:06] B_E 2778
[15:25:06] E_B 1441
[15:25:06] Nndl=227, L= 19, P=  1
[15:25:06] B_E 2777
[15:25:06] E_B 1439
[15:25:06] Nndl=228, L= 18, P=  2
[15:25:06] B_E 2776
[15:25:06] E_B 1439
[15:25:06] Nndl=229, L= 19, P=  2
[15:25:06] B_E 2775
[15:25:06] E_B 1440
[15:25:06] Nndl=230, L= 18, P=  2
[15:25:06] B_E 2776
[15:25:06] E_B 1439
[15:25:06] Nndl=231, L= 19, P=  2
[15:25:06] B_E 2776
[15:25:06] E_B 1441
[15:25:06] Nndl=232, L= 19, P=  1
[15:25:06] B_E 2775
[15:25:06] E_B 1439
[15:25:06] Nndl=233, L= 18, P=  3
[15:25:06] B_E 2776
[15:25:06] E_B 1440
[15:25:06] Nndl=234, L= 19, P=  2
[15:25:06] B_E 2775
[15:25:07] E_B 1439
[15:25:07] Nndl=235, L= 18, P=  2
[15:25:07] B_E 2775
[15:25:07] E_B 1439
[15:25:07] Nndl=236, L= 19, P=  2
[15:25:07] B_E 2775
[15:25:07] E_B 1439
[15:25:07] Nndl=237, L= 18, P=  2
[15:25:07] B_E 2775
[15:25:07] E_B 1440
[15:25:07] Nndl=238, L= 18, P=  2
[15:25:07] B_E 2775
[15:25:07] E_B 1439
[15:25:07] Nndl=239, L= 17, P=  1
[15:25:07] B_E 2777
[15:25:07] E_B 1440
[15:25:07] Nndl=240, L= 18, P=  3
[15:25:07] B_E 2775
[15:25:07] E_B 1439
[15:25:07] Nndl=241, L= 19, P=  2
[15:25:07] B_E 2776
[15:25:07] E_B 1440
[15:25:07] Nndl=242, L= 20, P=  2
[15:25:07] B_E 2775
[15:25:07] E_B 1440
[15:25:07] Nndl=243, L= 19, P=  2
[15:25:07] B_E 2775
[15:25:07] E_B 1439
[15:25:07] Nndl=244, L= 19, P=  2
[15:25:07] B_E 2776
[15:25:07] E_B 1439
[15:25:07] Nndl=245, L= 20, P=  2
[15:25:07] B_E 2775
[15:25:07] E_B 1439
[15:25:07] Nndl=246, L= 19, P=  3
[15:25:07] B_E 2776
[15:25:07] E_B 1439
[15:25:07] Nndl=247, L= 19, P=  6
[15:25:07] B_E 2775
[15:25:07] E_B 1439
[15:25:07] Nndl=248, L= 18, P=  1
[15:25:07] B_E 2776
[15:25:07] E_B 1439
[15:25:07] Nndl=249, L= 19, P=  2
[15:25:07] B_E 2777
[15:25:07] E_B 1439
[15:25:07] Nndl=250, L= 19, P=  2
[15:25:07] B_E 2777
[15:25:07] E_B 1441
[15:25:07] Nndl=251, L= 18, P=  1
[15:25:07] B_E 2776
[15:25:08] E_B 1439
[15:25:08] Nndl=252, L= 19, P=  3
[15:25:08] B_E 2776
[15:25:08] E_B 1441
[15:25:08] Nndl=253, L= 19, P=  2
[15:25:08] B_E 2775
[15:25:08] E_B 1439
[15:25:08] Nndl=254, L= 18, P=  2
[15:25:08] B_E 2776
[15:25:08] E_B 1439
[15:25:08] Nndl=255, L= 19, P=  1
[15:25:08] B_E 2776
[15:25:08] E_B 1440
[15:25:08] Nndl=256, L= 19, P=  2
[15:25:08] B_E 2777
[15:25:08] E_B 1439
[15:25:08] Nndl=257, L= 18, P=  2
[15:25:08] B_E 2777
[15:25:08] E_B 1440
[15:25:08] Nndl=258, L= 19, P=  1
[15:25:08] B_E 2775
[15:25:08] E_B 1439
[15:25:08] Nndl=259, L= 17, P=  2
[15:25:08] B_E 2775
[15:25:08] E_B 1439
[15:25:08] Nndl=260, L= 18, P=  3
[15:25:08] B_E 2775
[15:25:08] E_B 1439
[15:25:08] Nndl=261, L= 18, P=  1
[15:25:08] B_E 2775
[15:25:08] E_B 1439
[15:25:08] Nndl=262, L= 17, P=  4
[15:25:08] B_E 2775
[15:25:08] E_B 1440
[15:25:08] Nndl=263, L= 17, P=  2
[15:25:08] B_E 2776
[15:25:08] E_B 1439
[15:25:08] Nndl=264, L= 18, P=  2
[15:25:08] B_E 2775
[15:25:08] E_B 1441
[15:25:08] Nndl=265, L= 17, P=  1
[15:25:08] B_E 2777
[15:25:08] E_B 1440
[15:25:08] Nndl=266, L= 14, P=  2
[15:25:08] B_E 2775
[15:25:08] E_B 1439
[15:25:08] Nndl=267, L= 14, P=  2
[15:25:08] B_E 2777
[15:25:08] E_B 1440
[15:25:08] Nndl=268, L= 12, P=  1
[15:25:09] B_E 2775
[15:25:09] E_B 1441
[15:25:09] Nndl=269, L= 15, P=  2
[15:25:09] B_E 2776
[15:25:09] E_B 1440
[15:25:09] Nndl=270, L= 15, P=  2
[15:25:09] B_E 2776
[15:25:09] E_B 1439
[15:25:09] Nndl=271, L= 14, P=  1
[15:25:09] B_E 2777
[15:25:09] E_B 1440
[15:25:09] Nndl=272, L= 24, P=  1
[15:25:09] B_E 2775
[15:25:09] E_B 1441
[15:25:09] Nndl=273, L= 31, P=  2
[15:25:09] B_E 2776
[15:25:09] E_B 1439
[15:25:09] Nndl=274, L= 48, P=  3
[15:25:09] B_E 2776
[15:25:09] E_B 1439
[15:25:09] Nndl=275, L= 28, P=  7
[15:25:09] B_E 2775
[15:25:09] E_B 1439
[15:25:09] Nndl=276, L= 31, P=  2
[15:25:09] B_E 2775
[15:25:09] E_B 1441
[15:25:09] Nndl=277, L= 45, P=  2
[15:25:09] B_E 2775
[15:25:09] E_B 1439
[15:25:09] Nndl=278, L= 26, P=  6
[15:25:09] B_E 2775
[15:25:09] E_B 1439
[15:25:09] Nndl=279, L= 20, P=  2
[15:25:09] B_E 2776
[15:25:09] E_B 1439
[15:25:09] Nndl=280, L= 34, P=  2
[15:25:09] B_E 2775
[15:25:09] E_B 1440
[15:25:09] Nndl=281, L= 29, P=  1
[15:25:09] B_E 2776
[15:25:09] E_B 1439
[15:25:09] Nndl=282, L= 37, P=  4
[15:25:09] B_E 2775
[15:25:09] E_B 1440
[15:25:09] Nndl=283, L= 42, P=  3
[15:25:09] B_E 2775
[15:25:09] E_B 1439
[15:25:09] Nndl=284, L= 32, P=  3
[15:25:09] B_E 2776
[15:25:10] E_B 1440
[15:25:10] Nndl=285, L= 36, P=  4
[15:25:10] B_E 2775
[15:25:10] E_B 1439
[15:25:10] Nndl=286, L= 21, P=  2
[15:25:10] B_E 2776
[15:25:10] E_B 1441
[15:25:10] Nndl=287, L= 25, P=  4
[15:25:10] B_E 2776
[15:25:10] E_B 1440
[15:25:10] Nndl=288, L= 52, P=  2
[15:25:10] B_E 2777
[15:25:10] E_B 1442
[15:25:10] Nndl=289, L= 40, P=  6
[15:25:10] B_E 2779
[15:25:10] E_B 1439
[15:25:10] Nndl=290, L= 45, P=  3
[15:25:10] B_E 2775
[15:25:10] E_B 1439
[15:25:10] Nndl=291, L= 17, P=  3
[15:25:10] B_E 2775
[15:25:10] E_B 1440
[15:25:10] Nndl=292, L= 47, P=  4
[15:25:10] B_E 2777
[15:25:10] E_B 1440
[15:25:10] Nndl=293, L= 19, P=  2
[15:25:10] B_E 2775
[15:25:10] E_B 1439
[15:25:10] Nndl=294, L= 46, P=  6
[15:25:10] B_E 2775
[15:25:10] E_B 1440
[15:25:10] Nndl=295, L= 37, P=  1
[15:25:10] B_E 2776
[15:25:10] E_B 1439
[15:25:10] Nndl=296, L= 50, P=  5
[15:25:10] B_E 2777
[15:25:10] E_B 1439
[15:25:10] Nndl=297, L= 28, P=  6
[15:25:10] B_E 2775
[15:25:10] E_B 1440
[15:25:10] Nndl=298, L= 22, P=  3
[15:25:10] B_E 2776
[15:25:10] E_B 1441
[15:25:10] Nndl=299, L= 36, P=  3
[15:25:10] B_E 2777
[15:25:10] E_B 1441
[15:25:10] Nndl=300, L= 29, P=  2
[15:25:10] B_E 2776
[15:25:10] E_B 1439
[15:25:10] Nndl=301, L= 37, P=  4
[15:25:10] B_E 2776
[15:25:11] E_B 1440
[15:25:11] Nndl=302, L= 40, P=  4
[15:25:11] B_E 2775
[15:25:11] E_B 1440
[15:25:11] Nndl=303, L= 13, P=  5
[15:25:11] B_E 2775
[15:25:11] E_B 1440
[15:25:11] Nndl=304, L= 46, P=  3
[15:25:11] B_E 2776
[15:25:11] E_B 1441
[15:25:11] Nndl=305, L= 41, P=  1
[15:25:11] B_E 2776
[15:25:11] E_B 1439
[15:25:11] Nndl=306, L= 20, P=  3
[15:25:11] B_E 2776
[15:25:11] E_B 1439
[15:25:11] Nndl=307, L= 10, P=  2
[15:25:11] B_E 2775
[15:25:11] E_B 1440
[15:25:11] Nndl=308, L= 19, P=  1
[15:25:11] B_E 2777
[15:25:11] E_B 1440
[15:25:11] Nndl=309, L= 20, P=  1
[15:25:11] B_E 2775
[15:25:11] E_B 1440
[15:25:11] Nndl=310, L= 35, P=  2
[15:25:11] B_E 2776
[15:25:11] E_B 1440
[15:25:11] Nndl=311, L= 35, P=  4
[15:25:11] B_E 2775
[15:25:11] E_B 1440
[15:25:11] Nndl=312, L= 12, P=  4
[15:25:11] B_E 2775
[15:25:11] E_B 1441
[15:25:11] Nndl=313, L= 25, P=  3
[15:25:11] B_E 2777
[15:25:11] E_B 1439
[15:25:11] Nndl=314, L= 36, P=  3
[15:25:11] B_E 2776
[15:25:11] E_B 1444
[15:25:11] Nndl=315, L= 23, P=  4
[15:25:11] B_E 2775
[15:25:11] E_B 1441
[15:25:11] Nndl=316, L= 44, P=  3
[15:25:11] B_E 2775
[15:25:11] E_B 1440
[15:25:11] Nndl=317, L= 13, P=  2
[15:25:11] B_E 2775
[15:25:11] E_B 1439
[15:25:12] Nndl=318, L= 47, P=  5
[15:25:12] B_E 2775
[15:25:12] E_B 1441
[15:25:12] Nndl=319, L= 22, P=  4
[15:25:12] B_E 2776
[15:25:12] E_B 1439
[15:25:12] Nndl=320, L= 52, P=  4
[15:25:12] B_E 2775
[15:25:12] E_B 1440
[15:25:12] Nndl=321, L= 33, P=  3
[15:25:12] B_E 2777
[15:25:12] E_B 1440
[15:25:12] Nndl=322, L= 46, P=  5
[15:25:12] B_E 2777
[15:25:12] E_B 1439
[15:25:12] Nndl=323, L= 51, P=  4
[15:25:12] B_E 2775
[15:25:12] E_B 1441
[15:25:12] Nndl=324, L= 37, P=  4
[15:25:12] B_E 2777
[15:25:12] E_B 1439
[15:25:12] Nndl=325, L= 48, P=  3
[15:25:12] B_E 2776
[15:25:12] E_B 1439
[15:25:12] Nndl=326, L= 22, P=  6
[15:25:12] B_E 2775
[15:25:12] E_B 1439
[15:25:12] Nndl=327, L= 36, P=  3
[15:25:12] B_E 2775
[15:25:12] E_B 1440
[15:25:12] Nndl=328, L= 47, P=  4
[15:25:12] B_E 2777
[15:25:12] E_B 1441
[15:25:12] Nndl=329, L= 36, P=  3
[15:25:12] B_E 2776
[15:25:12] E_B 1440
[15:25:12] Nndl=330, L= 22, P=  2
[15:25:12] B_E 2776
[15:25:12] E_B 1441
[15:25:12] Nndl=331, L= 47, P=  3
[15:25:12] B_E 2776
[15:25:12] E_B 1439
[15:25:12] Nndl=332, L= 48, P=  3
[15:25:12] B_E 2775
[15:25:12] E_B 1440
[15:25:12] Nndl=333, L= 13, P=  6
[15:25:12] B_E 2775
[15:25:12] E_B 1439
[15:25:12] Nndl=334, L= 25, P=  4
[15:25:12] B_E 2775
[15:25:13] E_B 1439
[15:25:13] Nndl=335, L= 48, P=  1
[15:25:13] B_E 2775
[15:25:13] E_B 1439
[15:25:13] Nndl=336, L= 47, P=  3
[15:25:13] B_E 2775
[15:25:13] E_B 1439
[15:25:13] Nndl=337, L= 21, P=  3
[15:25:13] B_E 2776
[15:25:13] E_B 1439
[15:25:13] Nndl=338, L= 51, P=  3
[15:25:13] B_E 2777
[15:25:13] E_B 1440
[15:25:13] Nndl=339, L= 48, P=  3
[15:25:13] B_E 2775
[15:25:13] E_B 1440
[15:25:13] Nndl=340, L= 45, P=  5
[15:25:13] B_E 2777
[15:25:13] E_B 1439
[15:25:13] Nndl=341, L= 15, P=  3
[15:25:13] B_E 2776
[15:25:13] E_B 1441
[15:25:13] Nndl=342, L= 47, P=  3
[15:25:13] B_E 2775
[15:25:13] E_B 1441
[15:25:13] Nndl=343, L= 47, P=  5
[15:25:13] B_E 2775
[15:25:13] E_B 1439
[15:25:13] Nndl=344, L= 48, P=  2
[15:25:13] B_E 2777
[15:25:13] E_B 1440
[15:25:13] Nndl=345, L= 34, P=  4
[15:25:13] B_E 2775
[15:25:13] E_B 1440
[15:25:13] Nndl=346, L= 48, P=  2
[15:25:13] B_E 2775
[15:25:13] E_B 1440
[15:25:13] Nndl=347, L= 47, P=  4
[15:25:13] B_E 2776
[15:25:13] E_B 1439
[15:25:13] Nndl=348, L= 36, P=  4
[15:25:13] B_E 2775
[15:25:13] E_B 1440
[15:25:13] Nndl=349, L= 50, P=  2
[15:25:13] B_E 2775
[15:25:13] E_B 1439
[15:25:13] Nndl=350, L= 48, P=  6
[15:25:13] B_E 2776
[15:25:13] E_B 1441
[15:25:13] Nndl=351, L= 47, P=  2
[15:25:13] B_E 2777
[15:25:14] E_B 1441
[15:25:14] Nndl=352, L= 32, P=  4
[15:25:14] B_E 2776
[15:25:14] E_B 1442
[15:25:14] Nndl=353, L= 19, P=  3
[15:25:14] B_E 2777
[15:25:14] E_B 1442
[15:25:14] Nndl=354, L= 47, P=  3
[15:25:14] B_E 2775
[15:25:14] E_B 1440
[15:25:14] Nndl=355, L= 48, P=  2
[15:25:14] B_E 2775
[15:25:14] E_B 1439
[15:25:14] Nndl=356, L= 47, P=  5
[15:25:14] B_E 2775
[15:25:14] E_B 1439
[15:25:14] Nndl=357, L= 26, P=  3
[15:25:14] B_E 2776
[15:25:14] E_B 1439
[15:25:14] Nndl=358, L= 40, P=  3
[15:25:14] B_E 2777
[15:25:14] E_B 1439
[15:25:14] Nndl=359, L= 48, P=  5
[15:25:14] B_E 2776
[15:25:14] E_B 1439
[15:25:14] Nndl=360, L= 47, P=  1
[15:25:14] B_E 2776
[15:25:14] E_B 1439
[15:25:14] Nndl=361, L= 47, P=  4
[15:25:14] B_E 2776
[15:25:14] E_B 1440
[15:25:14] Nndl=362, L= 15, P=  3
[15:25:14] B_E 2775
[15:25:14] E_B 1440
[15:25:14] Nndl=363, L= 46, P=  3
[15:25:14] B_E 2777
[15:25:14] E_B 1440
[15:25:14] Nndl=364, L= 47, P=  4
[15:25:14] B_E 2777
[15:25:14] E_B 1440
[15:25:14] Nndl=365, L= 48, P=  5
[15:25:14] B_E 2775
[15:25:14] E_B 1439
[15:25:14] Nndl=366, L= 12, P=  4
[15:25:14] B_E 2776
[15:25:14] E_B 1440
[15:25:14] Nndl=367, L= 12, P=  5
[15:25:14] B_E 2777
[15:25:14] E_B 1439
[15:25:15] Nndl=368, L= 47, P=  1
[15:25:15] B_E 2775
[15:25:15] E_B 1439
[15:25:15] Nndl=369, L= 47, P=  1
[15:25:15] B_E 2775
[15:25:15] E_B 1439
[15:25:15] Nndl=370, L= 47, P=  3
[15:25:15] B_E 2775
[15:25:15] E_B 1440
[15:25:15] Nndl=371, L= 33, P=  4
[15:25:15] B_E 2776
[15:25:15] E_B 1440
[15:25:15] Nndl=372, L= 48, P=  3
[15:25:15] B_E 2777
[15:25:15] E_B 1439
[15:25:15] Nndl=373, L= 29, P=  6
[15:25:15] B_E 2777
[15:25:15] E_B 1439
[15:25:15] Nndl=374, L= 42, P=  3
[15:25:15] B_E 2776
[15:25:15] E_B 1440
[15:25:15] Nndl=375, L= 48, P=  6
[15:25:15] B_E 2775
[15:25:15] E_B 1439
[15:25:15] Nndl=376, L= 34, P=  2
[15:25:15] B_E 2775
[15:25:15] E_B 1439
[15:25:15] Nndl=377, L= 21, P=  3
[15:25:15] B_E 2776
[15:25:15] E_B 1439
[15:25:15] Nndl=378, L= 48, P=  3
[15:25:15] B_E 2775
[15:25:15] E_B 1440
[15:25:15] Nndl=379, L= 45, P=  2
[15:25:15] B_E 2775
[15:25:15] E_B 1440
[15:25:15] Nndl=380, L= 17, P=  5
[15:25:15] B_E 2775
[15:25:15] E_B 1439
[15:25:15] Nndl=381, L= 47, P=  3
[15:25:15] B_E 2776
[15:25:15] E_B 1439
[15:25:15] Nndl=382, L= 48, P=  4
[15:25:15] B_E 2777
[15:25:15] E_B 1440
[15:25:15] Nndl=383, L= 21, P=  4
[15:25:15] B_E 2776
[15:25:15] E_B 1440
[15:25:15] Nndl=384, L= 52, P=  2
[15:25:15] B_E 2777
[15:25:16] E_B 1439
[15:25:16] Nndl=385, L= 47, P=  3
[15:25:16] B_E 2776
[15:25:16] E_B 1440
[15:25:16] Nndl=386, L= 15, P=  4
[15:25:16] B_E 2776
[15:25:16] E_B 1439
[15:25:16] Nndl=387, L= 29, P=  3
[15:25:16] B_E 2776
[15:25:16] E_B 1441
[15:25:16] Nndl=388, L= 47, P=  3
[15:25:16] B_E 2775
[15:25:16] E_B 1439
[15:25:16] Nndl=389, L= 54, P=  4
[15:25:16] B_E 2776
[15:25:16] E_B 1440
[15:25:16] Nndl=390, L= 40, P=  3
[15:25:16] B_E 2775
[15:25:16] E_B 1439
[15:25:16] Nndl=391, L= 47, P=  3
[15:25:16] B_E 2775
[15:25:16] E_B 1442
[15:25:16] Nndl=392, L= 29, P=  5
[15:25:16] B_E 2776
[15:25:16] E_B 1440
[15:25:16] Nndl=393, L= 42, P=  4
[15:25:16] B_E 2775
[15:25:16] E_B 1440
[15:25:16] Nndl=394, L= 47, P=  5
[15:25:16] B_E 2775
[15:25:16] E_B 1441
[15:25:16] Nndl=395, L= 41, P=  3
[15:25:16] B_E 2775
[15:25:16] E_B 1441
[15:25:16] Nndl=396, L= 28, P=  3
[15:25:16] B_E 2775
[15:25:16] E_B 1440
[15:25:16] Nndl=397, L= 47, P=  2
[15:25:16] B_E 2777
[15:25:16] E_B 1439
[15:25:16] Nndl=398, L= 44, P=  4
[15:25:16] B_E 2775
[15:25:16] E_B 1439
[15:25:16] Nndl=399, L= 15, P=  3
[15:25:16] B_E 2777
[15:25:16] E_B 1440
[15:25:16] Nndl=400, L= 47, P=  5
[15:25:16] B_E 2775
[15:25:16] E_B 1439
[15:25:16] Nndl=401, L= 48, P=  2
[15:25:16] B_E 2776
[15:25:17] E_B 1440
[15:25:17] Nndl=402, L= 25, P=  4
[15:25:17] B_E 2775
[15:25:17] E_B 1440
[15:25:17] Nndl=403, L= 13, P=  3
[15:25:17] B_E 2776
[15:25:17] E_B 1439
[15:25:17] Nndl=404, L= 48, P=  1
[15:25:17] B_E 2775
[15:25:17] E_B 1439
[15:25:17] Nndl=405, L= 47, P=  2
[15:25:17] B_E 2775
[15:25:17] E_B 1440
[15:25:17] Nndl=406, L= 12, P=  4
[15:25:17] B_E 2777
[15:25:17] E_B 1439
[15:25:17] Nndl=407, L= 24, P=  3
[15:25:17] B_E 2775
[15:25:17] E_B 1439
[15:25:17] Nndl=408, L= 47, P=  3
[15:25:17] B_E 2775
[15:25:17] E_B 1441
[15:25:17] Nndl=409, L= 51, P=  3
[15:25:17] B_E 2775
[15:25:17] E_B 1439
[15:25:17] Nndl=410, L= 36, P=  4
[15:25:17] B_E 2776
[15:25:17] E_B 1439
[15:25:17] Nndl=411, L= 47, P=  3
[15:25:17] B_E 2775
[15:25:17] E_B 1440
[15:25:17] Nndl=412, L= 24, P=  4
[15:25:17] B_E 2777
[15:25:17] E_B 1441
[15:25:17] Nndl=413, L= 37, P=  4
[15:25:17] B_E 2775
[15:25:17] E_B 1440
[15:25:17] Nndl=414, L= 48, P=  2
[15:25:17] B_E 2775
[15:25:17] E_B 1440
[15:25:17] Nndl=415, L= 21, P=  3
[15:25:17] B_E 2777
[15:25:17] E_B 1439
[15:25:17] Nndl=416, L= 12, P=  4
[15:25:17] B_E 2776
[15:25:17] E_B 1439
[15:25:17] Nndl=417, L= 44, P=  1
[15:25:17] B_E 2775
[15:25:17] E_B 1442
[15:25:18] Nndl=418, L= 39, P=  4
[15:25:18] B_E 2775
[15:25:18] E_B 1440
[15:25:18] Nndl=419, L= 52, P=  3
[15:25:18] B_E 2775
[15:25:18] E_B 1441
[15:25:18] Nndl=420, L= 31, P=  7
[15:25:18] B_E 2775
[15:25:18] E_B 1439
[15:25:18] Nndl=421, L= 18, P=  0
[15:25:18] *btm bk=1 bot=0 cmp=1
[15:25:18] B_E 2776
[15:25:18] E_B 1441
[15:25:18] Nndl=422, L= 47, P=  2
[15:25:18] B_E 2775
[15:25:18] E_B 1439
[15:25:18] Nndl=423, L= 18, P=  4
[15:25:18] B_E 2775
[15:25:18] E_B 1439
[15:25:18] Nndl=424, L= 31, P=  4
[15:25:18] B_E 2777
[15:25:18] E_B 1441
[15:25:18] Nndl=425, L= 42, P=  2
[15:25:18] B_E 2777
[15:25:18] E_B 1441
[15:25:18] Nndl=426, L= 29, P=  4
[15:25:18] B_E 2777
[15:25:18] E_B 1440
[15:25:18] Nndl=427, L= 44, P=  3
[15:25:18] B_E 2777
[15:25:18] E_B 1440
[15:25:18] Nndl=428, L= 12, P=  2
[15:25:18] B_E 2775
[15:25:18] E_B 1439
[15:25:18] Nndl=429, L= 21, P=  5
[15:25:18] B_E 2777
[15:25:18] E_B 1440
[15:25:18] Nndl=430, L= 53, P=  1
[15:25:18] B_E 2775
[15:25:18] E_B 1439
[15:25:18] Nndl=431, L= 40, P=  3
[15:25:18] B_E 2777
[15:25:18] E_B 1439
[15:25:18] Nndl=432, L= 41, P=  4
[15:25:18] B_E 2776
[15:25:18] E_B 1439
[15:25:18] Nndl=433, L= 54, P=  5
[15:25:18] B_E 2776
[15:25:18] E_B 1439
[15:25:18] Nndl=434, L= 20, P=  6
[15:25:18] B_E 2775
[15:25:19] E_B 1439
[15:25:19] Nndl=435, L= 50, P=  2
[15:25:19] B_E 2776
[15:25:19] E_B 1439
[15:25:19] Nndl=436, L= 31, P=  5
[15:25:19] B_E 2775
[15:25:19] E_B 1441
[15:25:19] Nndl=437, L= 44, P=  4
[15:25:19] B_E 2775
[15:25:19] E_B 1440
[15:25:19] Nndl=438, L= 30, P=  6
[15:25:19] B_E 2775
[15:25:19] E_B 1440
[15:25:19] Nndl=439, L= 17, P=  3
[15:25:19] B_E 2775
[15:25:19] E_B 1439
[15:25:19] Nndl=440, L= 48, P=  2
[15:25:19] B_E 2775
[15:25:19] E_B 1440
[15:25:19] Nndl=441, L= 19, P=  3
[15:25:19] B_E 2775
[15:25:19] E_B 1439
[15:25:19] Nndl=442, L= 33, P=  4
[15:25:19] B_E 2775
[15:25:19] E_B 1440
[15:25:19] Nndl=443, L= 41, P=  3
[15:25:19] B_E 2775
[15:25:19] E_B 1442
[15:25:19] Nndl=444, L= 28, P=  4
[15:25:19] B_E 2776
[15:25:19] E_B 1441
[15:25:19] Nndl=445, L= 45, P=  4
[15:25:19] B_E 2776
[15:25:19] E_B 1440
[15:25:19] Nndl=446, L= 13, P=  2
[15:25:19] B_E 2775
[15:25:19] E_B 1439
[15:25:19] Nndl=447, L= 23, P=  4
[15:25:19] B_E 2776
[15:25:19] E_B 1440
[15:25:19] Nndl=448, L= 52, P=  1
[15:25:19] B_E 2776
[15:25:19] E_B 1441
[15:25:19] Nndl=449, L= 37, P=  5
[15:25:19] B_E 2777
[15:25:19] E_B 1439
[15:25:19] Nndl=450, L= 43, P=  3
[15:25:19] B_E 2777
[15:25:19] E_B 1439
[15:25:19] Nndl=451, L= 13, P=  5
[15:25:19] B_E 2775
[15:25:20] E_B 1440
[15:25:20] Nndl=452, L= 47, P=  4
[15:25:20] B_E 2776
[15:25:20] E_B 1440
[15:25:20] Nndl=453, L= 19, P=  2
[15:25:20] B_E 2775
[15:25:20] E_B 1439
[15:25:20] Nndl=454, L= 48, P=  4
[15:25:20] B_E 2776
[15:25:20] E_B 1441
[15:25:20] Nndl=455, L= 33, P=  2
[15:25:20] B_E 2775
[15:25:20] E_B 1440
[15:25:20] Nndl=456, L= 47, P=  4
[15:25:20] B_E 2775
[15:25:20] E_B 1440
[15:25:20] Nndl=457, L= 29, P=  6
[15:25:20] B_E 2777
[15:25:20] E_B 1441
[15:25:20] Nndl=458, L= 15, P=  3
[15:25:20] B_E 2775
[15:25:20] E_B 1439
[15:25:20] Nndl=459, L= 47, P=  2
[15:25:20] B_E 2776
[15:25:20] E_B 1439
[15:25:20] Nndl=460, L= 20, P=  4
[15:25:20] B_E 2776
[15:25:20] E_B 1441
[15:25:20] Nndl=461, L= 33, P=  4
[15:25:20] B_E 2776
[15:25:20] E_B 1439
[15:25:20] Nndl=462, L= 39, P=  2
[15:25:20] B_E 2776
[15:25:20] E_B 1440
[15:25:20] Nndl=463, L= 25, P=  3
[15:25:20] B_E 2777
[15:25:20] E_B 1439
[15:25:20] Nndl=464, L= 43, P=  3
[15:25:20] B_E 2777
[15:25:20] E_B 1440
[15:25:20] Nndl=465, L= 13, P=  4
[15:25:20] B_E 2775
[15:25:20] E_B 1440
[15:25:20] Nndl=466, L= 48, P=  3
[15:25:20] B_E 2777
[15:25:20] E_B 1441
[15:25:20] Nndl=467, L= 34, P=  1
[15:25:20] B_E 2777
[15:25:21] E_B 1439
[15:25:21] Nndl=468, L= 15, P=  4
[15:25:21] B_E 2775
[15:25:21] E_B 1441
[15:25:21] Nndl=469, L= 28, P=  3
[15:25:21] B_E 2778
[15:25:21] E_B 1441
[15:25:21] Nndl=470, L= 15, P=  2
[15:25:21] B_E 2777
[15:25:21] E_B 1440
[15:25:21] Nndl=471, L= 13, P=  3
[15:25:21] B_E 2776
[15:25:21] E_B 1439
[15:25:21] Nndl=472, L= 24, P=  1
[15:25:21] B_E 2775
[15:25:21] E_B 1440
[15:25:21] Nndl=473, L= 23, P=  1
[15:25:21] B_E 2777
[15:25:21] E_B 1439
[15:25:21] Nndl=474, L= 12, P=  2
[15:25:21] B_E 2775
[15:25:21] E_B 1441
[15:25:21] Nndl=475, L= 21, P=  1
[15:25:21] B_E 2776
[15:25:21] E_B 1439
[15:25:21] Nndl=476, L= 22, P=  0
[15:25:21] *btm bk=1 bot=0 cmp=1
[15:25:21] B_E 2775
[15:25:21] E_B 1439
[15:25:21] Nndl=477, L= 21, P=  2
[15:25:21] B_E 2776
[15:25:21] E_B 1440
[15:25:21] Nndl=478, L= 21, P=  3
[15:25:21] B_E 2776
[15:25:21] E_B 1440
[15:25:21] Nndl=479, L= 21, P=  1
[15:25:21] B_E 2776
[15:25:21] E_B 1439
[15:25:21] Nndl=480, L= 22, P=  5
[15:25:21] B_E 2775
[15:25:21] E_B 1440
[15:25:21] Nndl=481, L= 21, P=  1
[15:25:21] B_E 2776
[15:25:21] E_B 1441
[15:25:21] Nndl=482, L= 21, P=  2
[15:25:21] B_E 2775
[15:25:21] E_B 1439
[15:25:21] Nndl=483, L= 17, P=  2
[15:25:21] B_E 2775
[15:25:21] E_B 1440
[15:25:21] Nndl=484, L= 21, P=  2
[15:25:21] B_E 2775
[15:25:22] E_B 1440
[15:25:22] Nndl=485, L= 21, P=  2
[15:25:22] B_E 2776
[15:25:22] E_B 1440
[15:25:22] Nndl=486, L= 22, P=  3
[15:25:22] B_E 2777
[15:25:22] E_B 1441
[15:25:22] Nndl=487, L= 21, P=  2
[15:25:22] B_E 2776
[15:25:22] E_B 1440
[15:25:22] Nndl=488, L= 21, P=  2
[15:25:22] B_E 2776
[15:25:22] E_B 1439
[15:25:22] Nndl=489, L= 21, P=  2
[15:25:22] B_E 2776
[15:25:22] E_B 1440
[15:25:22] Nndl=490, L= 22, P=  2
[15:25:22] B_E 2775
[15:25:22] E_B 1439
[15:25:22] Nndl=491, L= 21, P=  3
[15:25:22] B_E 2776
[15:25:22] E_B 1439
[15:25:22] Nndl=492, L= 21, P=  2
[15:25:22] B_E 2777
[15:25:22] E_B 1439
[15:25:22] Nndl=493, L= 21, P=  3
[15:25:22] B_E 2777
[15:25:22] E_B 1441
[15:25:22] Nndl=494, L= 22, P=  1
[15:25:22] B_E 2776
[15:25:22] E_B 1441
[15:25:22] Nndl=495, L= 21, P=  2
[15:25:22] B_E 2775
[15:25:22] E_B 1440
[15:25:22] Nndl=496, L= 21, P=  3
[15:25:22] B_E 2775
[15:25:22] E_B 1441
[15:25:22] Nndl=497, L= 21, P=  2
[15:25:22] B_E 2776
[15:25:22] E_B 1440
[15:25:22] Nndl=498, L= 22, P=  2
[15:25:22] B_E 2775
[15:25:22] E_B 1439
[15:25:22] Nndl=499, L= 18, P=  1
[15:25:22] B_E 2775
[15:25:22] E_B 1440
[15:25:22] Nndl=500, L= 21, P=  2
[15:25:22] B_E 2777
[15:25:22] E_B 1439
[15:25:22] Nndl=501, L= 21, P=  2
[15:25:23] B_E 2777
[15:25:23] E_B 1439
[15:25:23] Nndl=502, L= 22, P=  3
[15:25:23] B_E 2776
[15:25:23] E_B 1441
[15:25:23] Nndl=503, L= 21, P=  2
[15:25:23] B_E 2775
[15:25:23] E_B 1439
[15:25:23] Nndl=504, L= 21, P=  2
[15:25:23] B_E 2775
[15:25:23] E_B 1439
[15:25:23] Nndl=505, L= 21, P=  2
[15:25:23] B_E 2775
[15:25:23] E_B 1440
[15:25:23] Nndl=506, L= 22, P=  3
[15:25:23] B_E 2775
[15:25:23] E_B 1440
[15:25:23] Nndl=507, L= 21, P=  1
[15:25:23] B_E 2775
[15:25:23] E_B 1440
[15:25:23] Nndl=508, L= 32, P=  3
[15:25:23] B_E 2775
[15:25:23] E_B 1440
[15:25:23] Nndl=509, L= 32, P=  1
[15:25:23] B_E 2776
[15:25:23] E_B 1440
[15:25:23] Nndl=510, L= 21, P=  3
[15:25:23] B_E 2776
[15:25:23] E_B 1440
[15:25:23] Nndl=511, L= 22, P=  4
[15:25:23] B_E 2777
[15:25:23] E_B 1440
[15:25:23] Nndl=512, L= 21, P=  2
[15:25:23] B_E 2775
[15:25:23] E_B 1440
[15:25:23] Nndl=513, L= 21, P=  3
[15:25:23] B_E 2777
[15:25:23] E_B 1439
[15:25:23] Nndl=514, L= 18, P=  2
[15:25:23] B_E 2775
[15:25:23] E_B 1439
[15:25:23] Nndl=515, L= 21, P=  3
[15:25:23] B_E 2776
[15:25:23] E_B 1439
[15:25:23] Nndl=516, L= 22, P=  1
[15:25:23] B_E 2775
[15:25:23] E_B 1439
[15:25:23] Nndl=517, L= 21, P=  1
[15:25:23] B_E 2775
[15:25:24] E_B 1441
[15:25:24] Nndl=518, L= 21, P=  1
[15:25:24] B_E 2777
[15:25:24] E_B 1439
[15:25:24] Nndl=519, L= 22, P=  2
[15:25:24] B_E 2775
[15:25:24] E_B 1441
[15:25:24] Nndl=520, L= 21, P=  1
[15:25:24] B_E 2776
[15:25:24] E_B 1442
[15:25:24] Nndl=521, L= 22, P=  1
[15:25:24] B_E 2775
[15:25:24] E_B 1439
[15:25:24] Nndl=522, L= 21, P=  1
[15:25:24] B_E 2775
[15:25:24] E_B 1439
[15:25:24] Nndl=523, L= 18, P=  1
[15:25:24] B_E 2777
[15:25:24] E_B 1439
[15:25:24] Nndl=524, L= 21, P=  3
[15:25:24] B_E 2775
[15:25:24] E_B 1439
[15:25:24] Nndl=525, L= 21, P=  4
[15:25:24] B_E 2776
[15:25:24] E_B 1440
[15:25:24] Nndl=526, L= 22, P=  1
[15:25:24] B_E 2777
[15:25:24] E_B 1439
[15:25:24] Nndl=527, L= 21, P=  3
[15:25:24] B_E 2775
[15:25:24] E_B 1440
[15:25:24] Nndl=528, L= 12, P=  3
[15:25:24] B_E 2776
[15:25:24] E_B 1441
[15:25:24] Nndl=529, L= 72, P=  1
[15:25:24] B_E 2776
[15:25:24] E_B 1441
[15:25:24] Nndl=530, L= 62, P=  7
[15:25:24] B_E 2775
[15:25:24] E_B 1439
[15:25:24] Nndl=531, L= 62, P=  1
[15:25:24] B_E 2777
[15:25:24] E_B 1441
[15:25:24] Nndl=532, L= 72, P=  8
[15:25:24] B_E 2776
[15:25:24] E_B 1439
[15:25:24] Nndl=533, L= 72, P=  9
[15:25:24] B_E 2775
[15:25:24] E_B 1443
[15:25:24] Nndl=534, L= 59, P=  6
[15:25:24] B_E 2776
[15:25:25] E_B 1441
[15:25:25] Nndl=535, L= 59, P=  7
[15:25:25] B_E 2777
[15:25:25] E_B 1440
[15:25:25] Nndl=536, L= 72, P=  6
[15:25:25] B_E 2775
[15:25:25] E_B 1439
[15:25:25] Nndl=537, L= 72, P= 10
[15:25:25] B_E 2775
[15:25:25] E_B 1439
[15:25:25] Nndl=538, L= 62, P=  6
[15:25:25] B_E 2775
[15:25:25] E_B 1439
[15:25:25] Nndl=539, L= 62, P=  8
[15:25:25] B_E 2775
[15:25:25] E_B 1440
[15:25:25] Nndl=540, L= 72, P=  3
[15:25:25] B_E 2776
[15:25:25] E_B 1439
[15:25:25] Nndl=541, L= 72, P= 11
[15:25:25] B_E 2775
[15:25:25] E_B 1439
[15:25:25] Nndl=542, L= 56, P=  6
[15:25:25] B_E 2777
[15:25:25] E_B 1441
[15:25:25] Nndl=543, L= 57, P=  7
[15:25:25] B_E 2776
[15:25:25] E_B 1440
[15:25:25] Nndl=544, L= 73, P=  7
[15:25:25] B_E 2776
[15:25:25] E_B 1441
[15:25:25] Nndl=545, L= 73, P=  9
[15:25:25] B_E 2777
[15:25:25] E_B 1439
[15:25:25] Nndl=546, L= 59, P=  8
[15:25:25] B_E 2778
[15:25:25] E_B 1440
[15:25:25] Nndl=547, L= 61, P=  4
[15:25:25] B_E 2775
[15:25:25] E_B 1440
[15:25:25] Nndl=548, L= 73, P=  9
[15:25:25] B_E 2775
[15:25:25] E_B 1440
[15:25:25] Nndl=549, L= 74, P=  9
[15:25:25] B_E 2776
[15:25:25] E_B 1440
[15:25:25] Nndl=550, L= 57, P=  7
[15:25:25] B_E 2776
[15:25:25] E_B 1439
[15:25:26] Nndl=551, L= 58, P=  6
[15:25:26] B_E 2776
[15:25:26] E_B 1439
[15:25:26] Nndl=552, L= 74, P=  7
[15:25:26] B_E 2775
[15:25:26] E_B 1439
[15:25:26] Nndl=553, L= 75, P=  8
[15:25:26] B_E 2777
[15:25:26] E_B 1439
[15:25:26] Nndl=554, L= 64, P=  9
[15:25:26] B_E 2776
[15:25:26] E_B 1439
[15:25:26] Nndl=555, L= 65, P=  5
[15:25:26] B_E 2776
[15:25:26] E_B 1440
[15:25:26] Nndl=556, L= 75, P= 10
[15:25:26] B_E 2776
[15:25:26] E_B 1439
[15:25:26] Nndl=557, L= 77, P=  6
[15:25:26] B_E 2776
[15:25:26] E_B 1440
[15:25:26] Nndl=558, L= 59, P= 13
[15:25:26] B_E 2778
[15:25:26] E_B 1440
[15:25:26] Nndl=559, L= 61, P=  1
[15:25:26] B_E 2779
[15:25:26] E_B 1439
[15:25:26] Nndl=560, L= 77, P= 11
[15:25:26] B_E 2776
[15:25:26] E_B 1439
[15:25:26] Nndl=561, L= 78, P=  2
[15:25:26] B_E 2776
[15:25:26] E_B 1439
[15:25:26] Nndl=562, L= 63, P= 17
[15:25:26] B_E 2776
[15:25:26] E_B 1439
[15:25:26] Nndl=563, L= 65, P=  0
[15:25:26] *btm bk=1 bot=0 cmp=1
[15:25:26] B_E 2775
[15:25:26] E_B 1441
[15:25:26] Nndl=564, L= 78, P= 10
[15:25:26] B_E 2776
[15:25:26] E_B 1441
[15:25:26] Nndl=565, L= 80, P=  9
[15:25:26] B_E 2777
[15:25:26] E_B 1440
[15:25:26] Nndl=566, L= 68, P= 11
[15:25:26] B_E 2775
[15:25:26] E_B 1439
[15:25:26] Nndl=567, L= 70, P=  3
[15:25:26] B_E 2775
[15:25:27] E_B 1441
[15:25:27] Nndl=568, L= 80, P= 16
[15:25:27] B_E 2775
[15:25:27] E_B 1439
[15:25:27] Nndl=569, L= 82, P=  1
[15:25:27] B_E 2775
[15:25:27] E_B 1439
[15:25:27] Nndl=570, L= 64, P= 18
[15:25:27] B_E 2776
[15:25:27] E_B 1440
[15:25:27] Nndl=571, L= 66, P=  0
[15:25:27] *btm bk=1 bot=0 cmp=1
[15:25:27] B_E 2775
[15:25:27] E_B 1442
[15:25:27] Nndl=572, L= 83, P=  7
[15:25:27] B_E 2777
[15:25:27] E_B 1439
[15:25:27] Nndl=573, L= 85, P= 11
[15:25:27] B_E 2776
[15:25:27] E_B 1439
[15:25:27] Nndl=574, L= 72, P= 10
[15:25:27] B_E 2775
[15:25:27] E_B 1439
[15:25:27] Nndl=575, L= 74, P=  3
[15:25:27] B_E 2775
[15:25:27] E_B 1440
[15:25:27] Nndl=576, L= 85, P= 15
[15:25:27] B_E 2775
[15:25:27] E_B 1440
[15:25:27] Nndl=577, L= 87, P=  1
[15:25:27] B_E 2775
[15:25:27] E_B 1440
[15:25:27] Nndl=578, L= 67, P= 19
[15:25:27] B_E 2776
[15:25:27] E_B 1441
[15:25:27] Nndl=579, L= 69, P=  1
[15:25:27] B_E 2777
[15:25:27] E_B 1441
[15:25:27] Nndl=580, L= 87, P=  9
[15:25:27] B_E 2775
[15:25:27] E_B 1439
[15:25:27] Nndl=581, L= 90, P=  9
[15:25:27] B_E 2775
[15:25:27] E_B 1441
[15:25:27] Nndl=582, L= 76, P= 16
[15:25:27] B_E 2776
[15:25:27] E_B 1440
[15:25:27] Nndl=583, L= 78, P=  1
[15:25:27] B_E 2775
[15:25:27] E_B 1440
[15:25:27] Nndl=584, L= 90, P= 12
[15:25:27] B_E 2778
[15:25:28] E_B 1439
[15:25:28] Nndl=585, L= 93, P=  6
[15:25:28] B_E 2777
[15:25:28] E_B 1439
[15:25:28] Nndl=586, L= 71, P= 20
[15:25:28] B_E 2776
[15:25:28] E_B 1439
[15:25:28] Nndl=587, L= 75, P=  0
[15:25:28] *btm bk=1 bot=0 cmp=1
[15:25:28] B_E 2775
[15:25:28] E_B 1440
[15:25:28] Nndl=588, L= 94, P=  8
[15:25:28] B_E 2776
[15:25:28] E_B 1441
[15:25:28] Nndl=589, L= 96, P=  8
[15:25:28] B_E 2775
[15:25:28] E_B 1440
[15:25:28] Nndl=590, L= 81, P= 19
[15:25:28] B_E 2776
[15:25:28] E_B 1440
[15:25:28] Nndl=591, L= 85, P=  1
[15:25:28] B_E 2777
[15:25:28] E_B 1440
[15:25:28] Nndl=592, L= 96, P= 14
[15:25:28] B_E 2776
[15:25:28] E_B 1440
[15:25:28] Nndl=593, L=100, P=  7
[15:25:28] B_E 2775
[15:25:28] E_B 1439
[15:25:28] Nndl=594, L= 80, P= 22
[15:25:28] B_E 2777
[15:25:28] E_B 1441
[15:25:28] Nndl=595, L= 83, P=  2
[15:25:28] B_E 2776
[15:25:28] E_B 1441
[15:25:28] Nndl=596, L=100, P= 11
[15:25:28] B_E 2776
[15:25:28] E_B 1439
[15:25:28] Nndl=597, L=105, P=  7
[15:25:28] B_E 2776
[15:25:28] E_B 1440
[15:25:28] Nndl=598, L=104, P= 24
[15:25:28] B_E 2775
[15:25:28] E_B 1439
[15:25:28] Nndl=599, L=105, P=  1
[15:25:28] B_E 2775
[15:25:28] E_B 1439
[15:25:28] Nndl=600, L= 80, P= 25
[15:25:28] B_E 2775
[15:25:28] E_B 1441
[15:25:29] Nndl=601, L= 79, P=  3
[15:25:29] B_E 2776
[15:25:29] E_B 1441
[15:25:29] Nndl=602, L= 91, P=  6
[15:25:29] B_E 2775
[15:25:29] E_B 1440
[15:25:29] Nndl=603, L= 90, P= 15
[15:25:29] B_E 2775
[15:25:29] E_B 1439
[15:25:29] Nndl=604, L= 80, P=  9
[15:25:29] B_E 2777
[15:25:29] E_B 1441
[15:25:29] Nndl=605, L= 77, P=  8
[15:25:29] B_E 2775
[15:25:29] E_B 1440
[15:25:29] Nndl=606, L=101, P= 12
[15:25:29] B_E 2775
[15:25:29] E_B 1439
[15:25:29] Nndl=607, L= 98, P= 11
[15:25:29] B_E 2775
[15:25:29] E_B 1441
[15:25:29] Nndl=608, L= 69, P= 19
[15:25:29] B_E 2776
[15:25:29] E_B 1441
[15:25:29] Nndl=609, L= 66, P=  0
[15:25:29] *btm bk=1 bot=0 cmp=1
[15:25:29] B_E 2775
[15:25:29] E_B 1440
[15:25:29] Nndl=610, L= 87, P=  7
[15:25:29] B_E 2776
[15:25:29] E_B 1441
[15:25:29] Nndl=611, L= 85, P= 13
[15:25:29] B_E 2775
[15:25:29] E_B 1441
[15:25:29] Nndl=612, L= 65, P= 10
[15:25:29] B_E 2775
[15:25:29] E_B 1440
[15:25:29] Nndl=613, L= 63, P=  2
[15:25:29] B_E 2775
[15:25:29] E_B 1441
[15:25:29] Nndl=614, L= 92, P= 13
[15:25:29] B_E 2777
[15:25:29] E_B 1439
[15:25:29] Nndl=615, L= 90, P=  6
[15:25:29] B_E 2775
[15:25:29] E_B 1441
[15:25:29] Nndl=616, L= 78, P= 20
[15:25:29] B_E 2775
[15:25:29] E_B 1440
[15:25:29] Nndl=617, L= 77, P=  0
[15:25:29] *btm bk=1 bot=0 cmp=1
[15:25:29] B_E 2776
[15:25:30] E_B 1441
[15:25:30] Nndl=618, L= 65, P= 21
[15:25:30] B_E 2777
[15:25:30] E_B 1440
[15:25:30] Nndl=619, L= 63, P=  0
[15:25:30] *btm bk=1 bot=0 cmp=1
[15:25:30] B_E 2775
[15:25:30] E_B 1439
[15:25:30] Nndl=620, L= 88, P=  7
[15:25:30] B_E 2776
[15:25:30] E_B 1441
[15:25:30] Nndl=621, L= 87, P= 15
[15:25:30] B_E 2777
[15:25:30] E_B 1441
[15:25:30] Nndl=622, L= 78, P=  4
[15:25:30] B_E 2777
[15:25:30] E_B 1440
[15:25:30] Nndl=623, L= 78, P= 13
[15:25:30] B_E 2775
[15:25:30] E_B 1441
[15:25:30] Nndl=624, L= 62, P=  8
[15:25:30] B_E 2775
[15:25:30] E_B 1439
[15:25:30] Nndl=625, L= 61, P=  4
[15:25:30] B_E 2775
[15:25:30] E_B 1439
[15:25:30] Nndl=626, L= 85, P= 12
[15:25:30] B_E 2777
[15:25:30] E_B 1440
[15:25:30] Nndl=627, L= 84, P=  7
[15:25:30] B_E 2776
[15:25:30] E_B 1440
[15:25:30] Nndl=628, L= 76, P= 19
[15:25:30] B_E 2776
[15:25:30] E_B 1440
[15:25:30] Nndl=629, L= 76, P=  1
[15:25:30] B_E 2777
[15:25:30] E_B 1439
[15:25:30] Nndl=630, L= 64, P= 18
[15:25:30] B_E 2776
[15:25:30] E_B 1441
[15:25:30] Nndl=631, L= 63, P=  0
[15:25:30] *btm bk=1 bot=0 cmp=1
[15:25:30] B_E 2776
[15:25:30] E_B 1439
[15:25:30] Nndl=632, L= 84, P=  9
[15:25:30] B_E 2776
[15:25:30] E_B 1440
[15:25:30] Nndl=633, L= 83, P=  9
[15:25:30] B_E 2776
[15:25:30] E_B 1439
[15:25:30] Nndl=634, L= 84, P= 15
[15:25:30] B_E 2775
[15:25:31] E_B 1440
[15:25:31] Nndl=635, L= 83, P=  2
[15:25:31] B_E 2776
[15:25:31] E_B 1440
[15:25:31] Nndl=636, L= 84, P= 20
[15:25:31] B_E 2776
[15:25:31] E_B 1441
[15:25:31] Nndl=637, L= 83, P=  3
[15:25:31] B_E 2775
[15:25:31] E_B 1439
[15:25:31] Nndl=638, L= 83, P= 16
[15:25:31] B_E 2775
[15:25:31] E_B 1439
[15:25:31] Nndl=639, L= 83, P=  2
[15:25:31] B_E 2776
[15:25:31] E_B 1441
[15:25:31] Nndl=640, L= 83, P= 21
[15:25:31] B_E 2775
[15:25:31] E_B 1439
[15:25:31] Nndl=641, L= 83, P=  0
[15:25:31] *btm bk=1 bot=0 cmp=1
[15:25:31] B_E 2776
[15:25:31] E_B 1439
[15:25:31] Nndl=642, L= 83, P= 14
[15:25:31] B_E 2777
[15:25:31] E_B 1439
[15:25:31] Nndl=643, L= 83, P=  2
[15:25:31] B_E 2776
[15:25:31] E_B 1440
[15:25:31] Nndl=644, L= 83, P= 23
[15:25:31] B_E 2777
[15:25:31] E_B 1441
[15:25:31] Nndl=645, L= 83, P=  0
[15:25:31] *btm bk=1 bot=0 cmp=1
[15:25:31] B_E 2775
[15:25:31] E_B 1439
[15:25:31] Nndl=646, L= 83, P= 13
[15:25:31] B_E 2775
[15:25:31] E_B 1441
[15:25:31] Nndl=647, L= 83, P=  3
[15:25:31] B_E 2775
[15:25:31] E_B 1439
[15:25:31] Nndl=648, L= 83, P= 22
[15:25:31] B_E 2775
[15:25:31] E_B 1440
[15:25:31] Nndl=649, L= 83, P=  0
[15:25:31] *btm bk=1 bot=0 cmp=1
[15:25:31] B_E 2776
[15:25:31] E_B 1439
[15:25:31] Nndl=650, L= 83, P= 12
[15:25:31] B_E 2779
[15:25:31] E_B 1440
[15:25:32] Nndl=651, L= 83, P=  5
[15:25:32] B_E 2776
[15:25:32] E_B 1440
[15:25:32] Nndl=652, L= 83, P= 19
[15:25:32] B_E 2776
[15:25:32] E_B 1440
[15:25:32] Nndl=653, L= 83, P=  0
[15:25:32] *btm bk=1 bot=0 cmp=1
[15:25:32] B_E 2776
[15:25:32] E_B 1440
[15:25:32] Nndl=654, L= 83, P= 17
[15:25:32] B_E 2776
[15:25:32] E_B 1439
[15:25:32] Nndl=655, L= 83, P=  0
[15:25:32] *btm bk=1 bot=0 cmp=1
[15:25:32] B_E 2776
[15:25:32] E_B 1439
[15:25:32] Nndl=656, L= 83, P= 22
[15:25:32] B_E 2775
[15:25:32] E_B 1439
[15:25:32] Nndl=657, L= 83, P=  1
[15:25:32] B_E 2776
[15:25:32] E_B 1441
[15:25:32] Nndl=658, L= 83, P= 16
[15:25:32] B_E 2777
[15:25:32] E_B 1440
[15:25:32] Nndl=659, L= 83, P=  1
[15:25:32] B_E 2776
[15:25:32] E_B 1441
[15:25:32] Nndl=660, L= 83, P= 19
[15:25:32] B_E 2777
[15:25:32] E_B 1440
[15:25:32] Nndl=661, L= 83, P=  0
[15:25:32] *btm bk=1 bot=0 cmp=1
[15:25:32] B_E 2776
[15:25:32] E_B 1439
[15:25:32] Nndl=662, L= 83, P= 16
[15:25:32] B_E 2775
[15:25:32] E_B 1440
[15:25:32] Nndl=663, L= 83, P=  2
[15:25:32] B_E 2777
[15:25:32] E_B 1439
[15:25:32] Nndl=664, L= 83, P= 20
[15:25:32] B_E 2776
[15:25:32] E_B 1440
[15:25:32] Nndl=665, L= 83, P=  0
[15:25:32] *btm bk=1 bot=0 cmp=1
[15:25:32] B_E 2776
[15:25:32] E_B 1439
[15:25:32] Nndl=666, L= 83, P= 16
[15:25:32] B_E 2775
[15:25:32] E_B 1439
[15:25:32] Nndl=667, L= 83, P=  1
[15:25:32] B_E 2775
[15:25:33] E_B 1441
[15:25:33] Nndl=668, L= 83, P= 22
[15:25:33] B_E 2777
[15:25:33] E_B 1441
[15:25:33] Nndl=669, L= 83, P=  0
[15:25:33] *btm bk=1 bot=0 cmp=1
[15:25:33] B_E 2775
[15:25:33] E_B 1439
[15:25:33] **thread PPT=114
[15:25:33] Nndl=670, L= 83, P= 18
[15:25:33] B_E 2775
[15:25:33] E_B 1441
[15:25:33] Nndl=671, L= 83, P=  0
[15:25:33] *btm bk=1 bot=0 cmp=1
[15:25:33] B_E 2776
[15:25:33] E_B 1439
[15:25:33] Nndl=672, L= 83, P= 21
[15:25:33] B_E 2776
[15:25:33] E_B 1440
[15:25:33] Nndl=673, L= 83, P=  2
[15:25:33] B_E 2776
[15:25:33] E_B 1439
[15:25:33] Nndl=674, L= 83, P= 16
[15:25:33] B_E 2775
[15:25:33] E_B 1439
[15:25:33] Nndl=675, L= 83, P=  0
[15:25:33] *btm bk=1 bot=0 cmp=1
[15:25:33] B_E 2775
[15:25:33] E_B 1439
[15:25:33] Nndl=676, L= 83, P= 24
[15:25:33] B_E 2777
[15:25:33] E_B 1439
[15:25:33] Nndl=677, L= 83, P=  0
[15:25:33] *btm bk=1 bot=0 cmp=1
[15:25:33] B_E 2775
[15:25:33] E_B 1440
[15:25:33] Nndl=678, L= 83, P= 12
[15:25:33] B_E 2775
[15:25:33] E_B 1440
[15:25:33] Nndl=679, L= 83, P=  6
[15:25:33] B_E 2777
[15:25:33] E_B 1439
[15:25:33] Nndl=680, L= 83, P= 21
[15:25:33] B_E 2777
[15:25:33] E_B 1439
[15:25:33] Nndl=681, L= 83, P=  0
[15:25:33] *btm bk=1 bot=0 cmp=1
[15:25:33] B_E 2775
[15:25:33] E_B 1439
[15:25:33] Nndl=682, L= 83, P= 18
[15:25:33] B_E 2776
[15:25:33] E_B 1441
[15:25:33] Nndl=683, L= 83, P=  1
[15:25:33] B_E 2775
[15:25:33] E_B 1439
[15:25:33] Nndl=684, L= 83, P= 20
[15:25:33] B_E 2776
[15:25:34] E_B 1439
[15:25:34] Nndl=685, L= 83, P=  1
[15:25:34] B_E 2776
[15:25:34] E_B 1439
[15:25:34] Nndl=686, L= 83, P= 17
[15:25:34] B_E 2775
[15:25:34] E_B 1439
[15:25:34] Nndl=687, L= 83, P=  0
[15:25:34] *btm bk=1 bot=0 cmp=1
[15:25:34] B_E 2775
[15:25:34] E_B 1439
[15:25:34] Nndl=688, L= 83, P= 20
[15:25:34] B_E 2779
[15:25:34] E_B 1441
[15:25:34] Nndl=689, L= 83, P=  0
[15:25:34] *btm bk=1 bot=0 cmp=1
[15:25:34] B_E 2775
[15:25:34] E_B 1441
[15:25:34] Nndl=690, L= 83, P= 17
[15:25:34] B_E 2775
[15:25:34] E_B 1440
[15:25:34] Nndl=691, L= 83, P=  1
[15:25:34] B_E 2775
[15:25:34] E_B 1440
[15:25:34] Nndl=692, L= 83, P= 24
[15:25:34] B_E 2775
[15:25:34] E_B 1439
[15:25:34] Nndl=693, L= 83, P=  0
[15:25:34] *btm bk=1 bot=0 cmp=1
[15:25:34] B_E 2775
[15:25:34] E_B 1439
[15:25:34] Nndl=694, L= 83, P= 10
[15:25:34] B_E 2775
[15:25:34] E_B 1440
[15:25:34] Nndl=695, L= 83, P=  5
[15:25:34] B_E 2775
[15:25:34] E_B 1439
[15:25:34] Nndl=696, L= 83, P= 20
[15:25:34] B_E 2775
[15:25:34] E_B 1440
[15:25:34] Nndl=697, L= 83, P=  1
[15:25:34] B_E 2775
[15:25:34] E_B 1439
[15:25:34] Nndl=698, L= 83, P= 17
[15:25:34] B_E 2777
[15:25:34] E_B 1440
[15:25:34] Nndl=699, L= 84, P=  1
[15:25:34] B_E 2775
[15:25:34] E_B 1440
[15:25:34] Nndl=700, L= 83, P= 22
[15:25:34] B_E 2775
[15:25:34] E_B 1440
[15:25:35] Nndl=701, L= 84, P=  0
[15:25:35] *btm bk=1 bot=0 cmp=1
[15:25:35] B_E 2778
[15:25:35] E_B 1441
[15:25:35] Nndl=702, L= 83, P= 15
[15:25:35] B_E 2777
[15:25:35] E_B 1440
[15:25:35] Nndl=703, L= 84, P=  1
[15:25:35] B_E 2775
[15:25:35] E_B 1441
[15:25:35] Nndl=704, L= 65, P= 26
[15:25:35] B_E 2776
[15:25:35] E_B 1439
[15:25:35] Nndl=705, L= 66, P=  0
[15:25:35] *btm bk=1 bot=0 cmp=1
[15:25:35] B_E 2776
[15:25:35] E_B 1439
[15:25:35] Nndl=706, L= 84, P=  2
[15:25:35] B_E 2776
[15:25:35] E_B 1439
[15:25:35] Nndl=707, L= 85, P= 12
[15:25:35] B_E 2777
[15:25:35] E_B 1439
[15:25:35] Nndl=708, L= 73, P= 14
[15:25:35] B_E 2776
[15:25:35] E_B 1442
[15:25:35] Nndl=709, L= 74, P=  1
[15:25:35] B_E 2775
[15:25:35] E_B 1439
[15:25:35] Nndl=710, L= 86, P= 19
[15:25:35] B_E 2775
[15:25:35] E_B 1439
[15:25:35] Nndl=711, L= 87, P=  0
[15:25:35] *btm bk=1 bot=0 cmp=1
[15:25:35] B_E 2775
[15:25:35] E_B 1440
[15:25:35] Nndl=712, L= 67, P= 23
[15:25:35] B_E 2776
[15:25:35] E_B 1440
[15:25:35] Nndl=713, L= 69, P=  0
[15:25:35] *btm bk=1 bot=0 cmp=1
[15:25:35] B_E 2775
[15:25:35] E_B 1441
[15:25:35] Nndl=714, L= 87, P=  5
[15:25:35] B_E 2776
[15:25:35] E_B 1441
[15:25:35] Nndl=715, L= 88, P= 12
[15:25:35] B_E 2777
[15:25:35] E_B 1441
[15:25:35] Nndl=716, L= 75, P= 14
[15:25:35] B_E 2778
[15:25:35] E_B 1440
[15:25:35] Nndl=717, L= 77, P=  1
[15:25:35] B_E 2776
[15:25:36] E_B 1440
[15:25:36] Nndl=718, L= 89, P= 17
[15:25:36] B_E 2775
[15:25:36] E_B 1441
[15:25:36] Nndl=719, L= 91, P=  1
[15:25:36] B_E 2775
[15:25:36] E_B 1439
[15:25:36] Nndl=720, L= 70, P= 24
[15:25:36] B_E 2775
[15:25:36] E_B 1440
[15:25:36] Nndl=721, L= 72, P=  1
[15:25:36] B_E 2776
[15:25:36] E_B 1439
[15:25:36] Nndl=722, L= 91, P=  3
[15:25:36] B_E 2775
[15:25:36] E_B 1439
[15:25:36] Nndl=723, L= 93, P= 14
[15:25:36] B_E 2775
[15:25:36] E_B 1440
[15:25:36] Nndl=724, L= 79, P= 14
[15:25:36] B_E 2775
[15:25:36] E_B 1440
[15:25:36] Nndl=725, L= 81, P=  1
[15:25:36] B_E 2775
[15:25:36] E_B 1441
[15:25:36] Nndl=726, L= 94, P= 19
[15:25:36] B_E 2775
[15:25:36] E_B 1441
[15:25:36] Nndl=727, L= 96, P=  1
[15:25:36] B_E 2777
[15:25:36] E_B 1441
[15:25:36] Nndl=728, L= 74, P= 23
[15:25:36] B_E 2775
[15:25:36] E_B 1439
[15:25:36] Nndl=729, L= 76, P=  0
[15:25:36] *btm bk=1 bot=0 cmp=1
[15:25:36] B_E 2775
[15:25:36] E_B 1439
[15:25:36] Nndl=730, L= 97, P=  5
[15:25:36] B_E 2777
[15:25:36] E_B 1440
[15:25:36] Nndl=731, L= 99, P= 10
[15:25:36] B_E 2775
[15:25:36] E_B 1440
[15:25:36] Nndl=732, L= 84, P= 19
[15:25:36] B_E 2776
[15:25:36] E_B 1439
[15:25:36] Nndl=733, L= 86, P=  0
[15:25:36] *btm bk=1 bot=0 cmp=1
[15:25:36] B_E 2777
[15:25:36] E_B 1439
[15:25:36] Nndl=734, L=100, P= 15
[15:25:37] B_E 2775
[15:25:37] E_B 1439
[15:25:37] Nndl=735, L=102, P=  4
[15:25:37] B_E 2776
[15:25:37] E_B 1439
[15:25:37] Nndl=736, L= 79, P= 23
[15:25:37] B_E 2776
[15:25:37] E_B 1440
[15:25:37] Nndl=737, L= 82, P=  0
[15:25:37] *btm bk=1 bot=0 cmp=1
[15:25:37] B_E 2776
[15:25:37] E_B 1439
[15:25:37] Nndl=738, L= 88, P=  7
[15:25:37] B_E 2776
[15:25:37] E_B 1439
[15:25:37] Nndl=739, L= 91, P= 10
[15:25:37] B_E 2776
[15:25:37] E_B 1439
[15:25:37] Nndl=740, L=106, P= 15
[15:25:37] B_E 2775
[15:25:37] E_B 1440
[15:25:37] Nndl=741, L=106, P=  3
[15:25:37] B_E 2776
[15:25:37] E_B 1439
[15:25:37] Nndl=742, L= 84, P= 31
[15:25:37] B_E 2776
[15:25:37] E_B 1441
[15:25:37] Nndl=743, L= 81, P=  0
[15:25:37] *btm bk=1 bot=0 cmp=1
[15:25:37] B_E 2775
[15:25:37] E_B 1441
[15:25:37] Nndl=744, L=102, P=  2
[15:25:37] B_E 2776
[15:25:37] E_B 1439
[15:25:37] Nndl=745, L= 99, P= 18
[15:25:37] B_E 2777
[15:25:37] E_B 1440
[15:25:37] Nndl=746, L= 90, P=  8
[15:25:37] B_E 2776
[15:25:37] E_B 1441
[15:25:37] Nndl=747, L= 87, P= 12
[15:25:37] B_E 2775
[15:25:37] E_B 1440
[15:25:37] Nndl=748, L= 71, P= 10
[15:25:37] B_E 2776
[15:25:37] E_B 1439
[15:25:37] Nndl=749, L= 68, P=  2
[15:25:37] B_E 2775
[15:25:37] E_B 1441
[15:25:37] Nndl=750, L= 95, P= 16
[15:25:37] B_E 2776
[15:25:38] E_B 1442
[15:25:38] Nndl=751, L= 92, P=  3
[15:25:38] B_E 2777
[15:25:38] E_B 1441
[15:25:38] Nndl=752, L= 76, P= 27
[15:25:38] B_E 2775
[15:25:38] E_B 1440
[15:25:38] Nndl=753, L= 74, P=  0
[15:25:38] *btm bk=1 bot=0 cmp=1
[15:25:38] B_E 2776
[15:25:38] E_B 1441
[15:25:38] Nndl=754, L= 91, P=  3
[15:25:38] B_E 2775
[15:25:38] E_B 1440
[15:25:38] Nndl=755, L= 88, P= 15
[15:25:38] B_E 2775
[15:25:38] E_B 1439
[15:25:38] Nndl=756, L= 77, P=  7
[15:25:38] B_E 2776
[15:25:38] E_B 1440
[15:25:38] Nndl=757, L= 74, P=  7
[15:25:38] B_E 2775
[15:25:38] E_B 1440
[15:25:38] Nndl=758, L= 88, P= 12
[15:25:38] B_E 2776
[15:25:38] E_B 1440
[15:25:38] Nndl=759, L= 86, P=  5
[15:25:38] B_E 2776
[15:25:38] E_B 1440
[15:25:38] Nndl=760, L= 71, P= 21
[15:25:38] B_E 2777
[15:25:38] E_B 1439
[15:25:38] Nndl=761, L= 69, P=  1
[15:25:38] B_E 2776
[15:25:38] E_B 1440
[15:25:38] Nndl=762, L= 85, P=  7
[15:25:38] B_E 2775
[15:25:38] E_B 1439
[15:25:38] Nndl=763, L= 83, P= 11
[15:25:38] B_E 2775
[15:25:38] E_B 1439
[15:25:38] Nndl=764, L= 72, P= 11
[15:25:38] B_E 2777
[15:25:38] E_B 1441
[15:25:38] Nndl=765, L= 70, P=  3
[15:25:38] B_E 2779
[15:25:38] E_B 1440
[15:25:38] Nndl=766, L= 82, P= 18
[15:25:38] B_E 2777
[15:25:38] E_B 1439
[15:25:38] Nndl=767, L= 81, P=  3
[15:25:38] B_E 2777
[15:25:39] E_B 1439
[15:25:39] Nndl=768, L= 65, P= 17
[15:25:39] B_E 2775
[15:25:39] E_B 1441
[15:25:39] Nndl=769, L= 63, P=  0
[15:25:39] *btm bk=1 bot=0 cmp=1
[15:25:39] B_E 2776
[15:25:39] E_B 1439
[15:25:39] Nndl=770, L= 80, P=  8
[15:25:39] B_E 2775
[15:25:39] E_B 1440
[15:25:39] Nndl=771, L= 79, P=  9
[15:25:39] B_E 2776
[15:25:39] E_B 1440
[15:25:39] Nndl=772, L= 65, P= 13
[15:25:39] B_E 2777
[15:25:39] E_B 1440
[15:25:39] Nndl=773, L= 64, P=  1
[15:25:39] B_E 2775
[15:25:39] E_B 1439
[15:25:39] Nndl=774, L= 78, P= 13
[15:25:39] B_E 2776
[15:25:39] E_B 1440
[15:25:39] Nndl=775, L= 77, P=  2
[15:25:39] B_E 2777
[15:25:39] E_B 1439
[15:25:39] Nndl=776, L= 62, P= 21
[15:25:39] B_E 2775
[15:25:39] E_B 1440
[15:25:39] Nndl=777, L= 61, P=  9
[15:25:39] B_E 2777
[15:25:39] E_B 1439
[15:25:39] Nndl=778, L= 77, P=  5
[15:25:39] B_E 2775
[15:25:39] E_B 1439
[15:25:39] Nndl=779, L= 76, P=  9
[15:25:39] B_E 2777
[15:25:39] E_B 1440
[15:25:39] Nndl=780, L= 77, P= 12
[15:25:39] B_E 2775
[15:25:39] E_B 1439
[15:25:39] Nndl=781, L= 76, P=  5
[15:25:39] B_E 2776
[15:25:39] E_B 1441
[15:25:39] Nndl=782, L= 77, P= 16
[15:25:39] B_E 2776
[15:25:39] E_B 1439
[15:25:39] Nndl=783, L= 76, P=  0
[15:25:39] *btm bk=1 bot=0 cmp=1
[15:25:39] B_E 2775
[15:25:39] E_B 1439
[15:25:39] Nndl=784, L= 76, P= 19
[15:25:40] B_E 2775
[15:25:40] E_B 1439
[15:25:40] Nndl=785, L= 75, P=  1
[15:25:40] B_E 2775
[15:25:40] E_B 1439
[15:25:40] Nndl=786, L= 76, P= 14
[15:25:40] B_E 2776
[15:25:40] E_B 1439
[15:25:40] Nndl=787, L= 75, P=  1
[15:25:40] B_E 2777
[15:25:40] E_B 1441
[15:25:40] Nndl=788, L= 76, P= 18
[15:25:40] B_E 2776
[15:25:40] E_B 1439
[15:25:40] Nndl=789, L= 75, P=  3
[15:25:40] B_E 2775
[15:25:40] E_B 1441
[15:25:40] Nndl=790, L= 75, P= 13
[15:25:40] B_E 2777
[15:25:40] E_B 1441
[15:25:40] Nndl=791, L= 75, P=  2
[15:25:40] B_E 2776
[15:25:40] E_B 1439
[15:25:40] Nndl=792, L= 75, P= 18
[15:25:40] B_E 2776
[15:25:40] E_B 1441
[15:25:40] Nndl=793, L= 75, P=  0
[15:25:40] *btm bk=1 bot=0 cmp=1
[15:25:40] B_E 2776
[15:25:40] E_B 1441
[15:25:40] Nndl=794, L= 75, P= 15
[15:25:40] B_E 2776
[15:25:40] E_B 1440
[15:25:40] Nndl=795, L= 74, P=  1
[15:25:40] B_E 2776
[15:25:40] E_B 1439
[15:25:40] Nndl=796, L= 75, P= 19
[15:25:40] B_E 2775
[15:25:40] E_B 1441
[15:25:40] Nndl=797, L= 74, P=  0
[15:25:40] *btm bk=1 bot=0 cmp=1
[15:25:40] B_E 2775
[15:25:40] E_B 1440
[15:25:40] Nndl=798, L= 75, P= 15
[15:25:40] B_E 2776
[15:25:40] E_B 1439
[15:25:40] Nndl=799, L= 74, P=  0
[15:25:40] *btm bk=1 bot=0 cmp=1
[15:25:40] B_E 2776
[15:25:40] E_B 1441
[15:25:40] Nndl=800, L= 74, P= 15
[15:25:40] B_E 2777
[15:25:41] E_B 1439
[15:25:41] Nndl=801, L= 74, P=  1
[15:25:41] B_E 2776
[15:25:41] E_B 1440
[15:25:41] Nndl=802, L= 74, P= 18
[15:25:41] B_E 2775
[15:25:41] E_B 1441
[15:25:41] Nndl=803, L= 74, P=  0
[15:25:41] *btm bk=1 bot=0 cmp=1
[15:25:41] B_E 2776
[15:25:41] E_B 1439
[15:25:41] Nndl=804, L= 74, P= 15
[15:25:41] B_E 2775
[15:25:41] E_B 1440
[15:25:41] Nndl=805, L= 74, P=  0
[15:25:41] *btm bk=1 bot=0 cmp=1
[15:25:41] B_E 2775
[15:25:41] E_B 1440
[15:25:41] Nndl=806, L= 74, P= 18
[15:25:41] B_E 2776
[15:25:41] E_B 1440
[15:25:41] Nndl=807, L= 74, P=  0
[15:25:41] *btm bk=1 bot=0 cmp=1
[15:25:41] B_E 2775
[15:25:41] E_B 1439
[15:25:41] Nndl=808, L= 74, P= 15
[15:25:41] B_E 2776
[15:25:41] E_B 1439
[15:25:41] Nndl=809, L= 74, P=  0
[15:25:41] *btm bk=1 bot=0 cmp=1
[15:25:41] B_E 2776
[15:25:41] E_B 1440
[15:25:41] Nndl=810, L= 74, P= 14
[15:25:41] B_E 2776
[15:25:41] E_B 1441
[15:25:41] Nndl=811, L= 74, P=  1
[15:25:41] B_E 2777
[15:25:41] E_B 1441
[15:25:41] Nndl=812, L= 74, P= 16
[15:25:41] B_E 2777
[15:25:41] E_B 1441
[15:25:41] Nndl=813, L= 74, P=  0
[15:25:41] *btm bk=1 bot=0 cmp=1
[15:25:41] B_E 2775
[15:25:41] E_B 1440
[15:25:41] Nndl=814, L= 74, P= 12
[15:25:41] B_E 2776
[15:25:41] E_B 1439
[15:25:41] Nndl=815, L= 74, P=  4
[15:25:41] B_E 2776
[15:25:41] E_B 1440
[15:25:41] Nndl=816, L= 11, P= 11
[15:25:41] B_E 2775
[15:25:41] E_B 1440
[15:25:41] Nndl=817, L= 11, P=  0
[15:25:41] *btm bk=1 bot=0 cmp=1
[15:25:41] B_E 2776
[15:25:42] E_B 1441
[15:25:42] Nndl=818, L= 74, P=  0
[15:25:42] *btm bk=2 bot=0 cmp=1
[15:25:42] B_E 2776
[15:25:42] E_B 1441
[15:25:42] Nndl=819, L= 11, P=  6
[15:25:42] B_E 2775
[15:25:42] E_B 1439
[15:25:42] Nndl=820, L= 11, P=  3
[15:25:42] B_E 2776
[15:25:42] E_B 1439
[15:25:42] Nndl=821, L= 21, P=  1
[15:25:42] B_E 2775
[15:25:42] E_B 1439
[15:25:42] B_E 2775
[15:25:43] cir_5_7
[15:25:43] run=1
[15:25:43] sys_sta=1
[15:25:43] head_sta=1
[15:25:43] jmp val=4
[15:25:43] cmd jmp
[15:25:43] need jump
[15:25:43] match_start cnt=226 angle=120 Tcnt=0
[15:25:43] go to hook delay
[15:25:43] hook delay
[15:25:43] E_B 1441
[15:25:43] B_E 2775
[15:25:43] match_stop1 cnt=3148 angle=23 Tcnt=0
[15:25:44] cmd shaft=0
[15:25:44] run=0
[15:25:44] sys_sta=3
[15:25:44] head_sta=1
[15:25:44] jmp val=0
[15:25:44] no jump
[15:25:44] head sys sta=3
[15:25:44] head emb_stat=0
[15:25:44] frq=100~800: min=0  max=14
[15:25:44] pulse=162: min=0 max=14
[15:25:44] pulse=162 acc_pulse=28 Lmax_pulse=134
[15:25:45] cmd shaft=0
[15:25:45] cir_0_31
[15:25:45] go to A
[15:25:45] cmd ndl sn=7
[15:25:45] spring set sense=5
[15:25:45] bot sen=5
[15:25:45] spring set filter=5
[15:25:45] bot filter=5
[15:25:45] cmd ndl sn=7
[15:25:45] en=1
[15:25:45] set_en=1
[15:25:45] key:pin=0 sta=0
[15:25:45] cmd normal
[15:25:45] sys_sta=1
[15:25:45] head sys sta=1
[15:25:45] Raw height a:5,b:200,d:252,r:80,c:0
[15:25:45] Height 5 114 252 80
[15:25:45] a:876012,b:814814,d:755045,e:755045,s:814814,h:876012,s:870770,r:794367
[15:25:45] h:5,r:114,t:252,c:0,rg:80
[15:25:45] Raw height a:5,b:200,d:252,r:80,c:0
[15:25:45] Height 5 114 252 80
[15:25:45] a:876012,b:814814,d:755045,e:755045,s:814814,h:876012,s:870770,r:794367
[15:25:45] h:5,r:114,t:252,c:0,rg:80
[15:25:45] cir_1_31
[15:25:45] go to B
[15:25:46] cmd shaft=1
[15:25:46] run=1
[15:25:46] go to B
[15:25:46] cur_on_dst
[15:25:46] emb start
[15:25:46] head emb_stat=2
[15:25:46] cmd close jump
[15:25:46] cur_on_dst
[15:25:46] E_B 1439
[15:25:46] B_E 2775
[15:25:46] run=1
[15:25:46] sys_sta=1
[15:25:47] head_sta=1
[15:25:47] jmp val=4
[15:25:47] cmd jmp
[15:25:47] need jump
[15:25:47] match_start cnt=226 angle=120 Tcnt=0
[15:25:47] E_B 1439
[15:25:47] B_E 2775
[15:25:47] match_stop1 cnt=3143 angle=22 Tcnt=0
[15:25:48] cmd shaft=0
[15:25:48] run=0
[15:25:48] sys_sta=3
[15:25:48] head_sta=1
[15:25:48] jmp val=0
[15:25:48] no jump
[15:25:48] head sys sta=3
[15:25:48] head emb_stat=0
[15:25:48] cir_0_30
[15:25:48] go to A
[15:25:48] frq=100~800: min=0  max=14
[15:25:48] pulse=162: min=0 max=14
[15:25:48] pulse=162 acc_pulse=28 Lmax_pulse=134
