[17:59:48] cmd ndl sn=8
[17:59:48] en=1
[17:59:48] set_en=1
[17:59:48] key:pin=0 sta=0
[17:59:48] cmd normal
[17:59:48] sys_sta=1
[17:59:48] Height 36 56 252 59
[17:59:48] a:877592,b:805730,d:776370,e:773748,s:805730,h:877592,s:867596,r:788428
[17:59:48] h:36,r:56,t:252,c:0,rg:59
[17:59:48] head sys sta=1
[17:59:48] Height 32 114 252 52
[17:59:48] a:877592,b:834042,d:774273,e:771651,s:834042,h:877592,s:867596,r:784758
[17:59:48] h:32,r:114,t:252,c:0,rg:52
[17:59:48] cir_1_0
[17:59:48] go to B
[17:59:48] cir_1_0
[17:59:48] go to B
[17:59:48] cur_on_dst
[17:59:48] cmd shaft=1
[17:59:48] run=1
[17:59:48] go to B
[17:59:48] cur_on_dst
[17:59:48] emb start
[17:59:48] head emb_stat=2
[17:59:48] cmd close jump
[17:59:49] cur_on_dst
[17:59:49] E_B 1106
[17:59:49] B_E 2775
[17:59:49] E_B 1106
[17:59:50] B_E 2775
[17:59:50] E_B 1106
[17:59:50] B_E 2775
[17:59:51] is_at_D:547,actual_pos:772198,POS_D:771651
[17:59:51] E_B 1106
[17:59:51] is_at_B:2046,actual_pos:831996,POS_D:834042
[17:59:51] B_E 2775
[17:59:51] is_at_D:765,actual_pos:772416,POS_D:771651
[17:59:51] E_B 1106
[17:59:51] is_at_B:1341,actual_pos:832701,POS_D:834042
[17:59:51] B_E 2775
[17:59:51] is_at_D:486,actual_pos:772137,POS_D:771651
[17:59:51] E_B 1106
[17:59:51] is_at_B:858,actual_pos:833184,POS_D:834042
[17:59:51] B_E 2775
[17:59:51] is_at_D:97,actual_pos:771748,POS_D:771651
[17:59:51] E_B 1106
[17:59:51] is_at_B:556,actual_pos:833486,POS_D:834042
[17:59:51] B_E 2775
[17:59:51] is_at_D:7,actual_pos:771658,POS_D:771651
[17:59:51] E_B 1107
[17:59:51] is_at_B:298,actual_pos:833744,POS_D:834042
[17:59:51] B_E 2775
[17:59:52] is_at_D:178,actual_pos:771473,POS_D:771651
[17:59:52] E_B 1106
[17:59:52] is_at_B:40,actual_pos:834002,POS_D:834042
[17:59:52] B_E 2775
[17:59:52] is_at_D:320,actual_pos:771331,POS_D:771651
[17:59:52] E_B 1108
[17:59:52] is_at_B:75,actual_pos:834117,POS_D:834042
[17:59:52] B_E 2775
[17:59:52] is_at_D:355,actual_pos:771296,POS_D:771651
[17:59:52] E_B 1106
[17:59:52] is_at_B:143,actual_pos:834185,POS_D:834042
[17:59:52] B_E 2775
[17:59:52] is_at_D:348,actual_pos:771303,POS_D:771651
[17:59:52] E_B 1106
[17:59:52] is_at_B:166,actual_pos:834208,POS_D:834042
[17:59:52] B_E 2775
[17:59:52] is_at_D:364,actual_pos:771287,POS_D:771651
[17:59:52] E_B 1107
[17:59:52] is_at_B:204,actual_pos:834246,POS_D:834042
[17:59:52] B_E 2775
[17:59:52] is_at_D:369,actual_pos:771282,POS_D:771651
[17:59:52] E_B 1107
[17:59:52] is_at_B:206,actual_pos:834248,POS_D:834042
[17:59:52] B_E 2775
[17:59:52] is_at_D:377,actual_pos:771274,POS_D:771651
[17:59:52] E_B 1106
[17:59:52] is_at_B:204,actual_pos:834246,POS_D:834042
[17:59:52] B_E 2775
[17:59:52] is_at_D:386,actual_pos:771265,POS_D:771651
[17:59:52] E_B 1106
[17:59:52] is_at_B:201,actual_pos:834243,POS_D:834042
[17:59:52] B_E 2775
[17:59:52] is_at_D:397,actual_pos:771254,POS_D:771651
[17:59:52] E_B 1106
[17:59:52] is_at_B:199,actual_pos:834241,POS_D:834042
[17:59:52] B_E 2775
[17:59:52] is_at_D:400,actual_pos:771251,POS_D:771651
[17:59:52] E_B 1106
[17:59:53] is_at_B:190,actual_pos:834232,POS_D:834042
[17:59:53] B_E 2775
[17:59:53] is_at_D:389,actual_pos:771262,POS_D:771651
[17:59:53] E_B 1106
[17:59:53] is_at_B:189,actual_pos:834231,POS_D:834042
[17:59:53] B_E 2776
[17:59:53] is_at_D:391,actual_pos:771260,POS_D:771651
[17:59:53] E_B 1106
[17:59:53] is_at_B:165,actual_pos:834207,POS_D:834042
[17:59:53] B_E 2775
[17:59:53] is_at_D:388,actual_pos:771263,POS_D:771651
[17:59:53] E_B 1106
[17:59:53] is_at_B:152,actual_pos:834194,POS_D:834042
[17:59:53] B_E 2775
[17:59:53] is_at_D:396,actual_pos:771255,POS_D:771651
[17:59:53] E_B 1106
[17:59:53] is_at_B:133,actual_pos:834175,POS_D:834042
[17:59:53] B_E 2776
[17:59:53] is_at_D:386,actual_pos:771265,POS_D:771651
[17:59:53] E_B 1106
[17:59:53] is_at_B:155,actual_pos:834197,POS_D:834042
[17:59:53] B_E 2775
[17:59:53] is_at_D:387,actual_pos:771264,POS_D:771651
[17:59:53] E_B 1106
[17:59:53] is_at_B:144,actual_pos:834186,POS_D:834042
[17:59:53] B_E 2776
[17:59:53] is_at_D:416,actual_pos:771235,POS_D:771651
[17:59:53] E_B 1106
[17:59:53] is_at_B:269,actual_pos:833773,POS_D:834042
[17:59:53] B_E 2775
[17:59:53] is_at_D:98,actual_pos:771749,POS_D:771651
[17:59:53] E_B 1106
[17:59:53] is_at_B:491,actual_pos:833551,POS_D:834042
[17:59:53] B_E 2775
[17:59:53] is_at_D:1085,actual_pos:772736,POS_D:771651
[17:59:53] run=1
[17:59:54] sys_sta=1
[17:59:54] head_sta=1
[17:59:54] jmp val=4
[17:59:54] cmd jmp
[17:59:54] need jump
[17:59:54] match_start cnt=234 angle=121 Tcnt=0
[17:59:54] E_B 1106
[17:59:54] B_E 2775
[17:59:54] match_stop1 cnt=3109 angle=19 Tcnt=0
[17:59:55] cmd shaft=0
[17:59:55] run=0
[17:59:55] sys_sta=3
[17:59:55] head_sta=1
[17:59:55] jmp val=0
[17:59:55] no jump
[17:59:55] head sys sta=3
[17:59:55] head emb_stat=0
[17:59:55] cir_0_23
[17:59:55] go to A
[17:59:55] cir_0_23
[17:59:55] go to A
[17:59:55] frq=100~800: min=0  max=14
[17:59:55] pulse=162: min=0 max=14
[17:59:55] pulse=162 acc_pulse=28 Lmax_pulse=134
