[18:40:50] cmd ndl sn=8
[18:40:50] en=1
[18:40:50] set_en=1
[18:40:50] key:pin=0 sta=0
[18:40:50] cmd normal
[18:40:50] sys_sta=1
[18:40:50] Height 36 91 252 46
[18:40:50] a:877592,b:824080,d:776370,e:773748,s:824080,h:877592,s:867596,r:781613
[18:40:50] h:36,r:91,t:252,c:0,rg:46
[18:40:50] head sys sta=1
[18:40:50] Height 32 114 252 41
[18:40:50] a:877592,b:834042,d:774273,e:771651,s:834042,h:877592,s:867596,r:778991
[18:40:50] h:32,r:114,t:252,c:0,rg:41
[18:40:50] cir_1_25
[18:40:50] go to B
[18:40:50] cir_1_25
[18:40:50] go to B
[18:40:50] cur_on_dst
[18:40:50] cmd shaft=1
[18:40:50] run=1
[18:40:50] go to B
[18:40:50] cur_on_dst
[18:40:50] emb start
[18:40:50] head emb_stat=2
[18:40:50] cmd close jump
[18:40:51] cur_on_dst
[18:40:51] E_B 1106
[18:40:51] B_E 2775
[18:40:51] E_B 1106
[18:40:52] B_E 2775
[18:40:52] E_B 1106
[18:40:52] B_E 2775
[18:40:53] is_at_D:502,actual_pos:772153,POS_D:771651
[18:40:53] trip failed, accumulated_fails=11
[18:40:53] trip failed
[18:40:53] E_B 1106
[18:40:53] B_E 2775
[18:40:53] E_B 1106
[18:40:53] B_E 2775
[18:40:53] E_B 1106
[18:40:53] B_E 2775
[18:40:53] E_B 1106
[18:40:53] B_E 2775
[18:40:53] E_B 1106
[18:40:53] B_E 2775
[18:40:54] E_B 1106
[18:40:54] B_E 2775
[18:40:54] E_B 1106
[18:40:54] B_E 2775
[18:40:54] E_B 1106
[18:40:54] B_E 2775
[18:40:54] E_B 1106
[18:40:54] B_E 2775
[18:40:54] E_B 1106
[18:40:54] B_E 2775
[18:40:54] E_B 1106
[18:40:54] B_E 2775
[18:40:54] E_B 1107
[18:40:54] B_E 2775
[18:40:54] E_B 1106
[18:40:54] B_E 2775
[18:40:54] E_B 1106
[18:40:54] B_E 2775
[18:40:54] E_B 1106
[18:40:54] B_E 2775
[18:40:55] E_B 1106
[18:40:55] B_E 2775
[18:40:55] E_B 1106
[18:40:55] B_E 2775
[18:40:55] E_B 1106
[18:40:55] B_E 2775
[18:40:55] E_B 1107
[18:40:55] B_E 2775
[18:40:55] E_B 1106
[18:40:55] B_E 2775
[18:40:55] E_B 1106
[18:40:55] B_E 2775
[18:40:55] E_B 1106
[18:40:55] B_E 2775
[18:40:55] E_B 1106
[18:40:55] B_E 2775
[18:40:55] E_B 1106
[18:40:55] B_E 2775
[18:40:55] E_B 1106
[18:40:55] B_E 2775
[18:40:56] E_B 1106
[18:40:56] B_E 2775
[18:40:56] E_B 1106
[18:40:56] B_E 2775
[18:40:56] E_B 1106
[18:40:56] B_E 2775
[18:40:56] E_B 1106
[18:40:56] B_E 2775
[18:40:56] run=1
[18:40:56] sys_sta=1
[18:40:56] head_sta=1
[18:40:56] jmp val=4
[18:40:56] cmd jmp
[18:40:56] need jump
[18:40:56] match_start cnt=232 angle=120 Tcnt=0
[18:40:56] E_B 1106
[18:40:57] B_E 2775
[18:40:57] match_stop1 cnt=3135 angle=22 Tcnt=0
[18:40:57] cmd shaft=0
[18:40:57] run=0
[18:40:57] sys_sta=3
[18:40:57] head_sta=1
[18:40:57] jmp val=0
[18:40:57] no jump
[18:40:57] head sys sta=3
[18:40:57] head emb_stat=0
[18:40:57] cir_0_24
[18:40:57] go to A
[18:40:57] cir_0_24
[18:40:57] go to A
[18:40:57] frq=100~800: min=0  max=14
[18:40:57] pulse=162: min=0 max=14
[18:40:57] pulse=162 acc_pulse=28 Lmax_pulse=134
[18:41:02] cir_0_25
[18:41:02] go to A
[18:41:24] key tri trim time ok
[18:41:24] go to A
[18:41:24] cmd ack head key trig trim
[18:41:24] key tri trim
[18:41:37] cmd ndl sn=8
[18:41:37] en=1
[18:41:37] set_en=1
[18:41:37] key:pin=0 sta=0
[18:41:37] cmd patch, head normal=1
[18:41:37] sys_sta=2
[18:41:37] head sys sta=2
[18:41:37] Height 36 91 252 36
[18:41:37] a:877592,b:824080,d:776370,e:773748,s:824080,h:877592,s:867596,r:776370
[18:41:37] h:36,r:91,t:252,c:0,rg:36
[18:41:37] Height 32 114 252 32
[18:41:37] a:877592,b:834042,d:774273,e:771651,s:834042,h:877592,s:867596,r:774273
[18:41:37] h:32,r:114,t:252,c:0,rg:32
[18:41:37] cir_1_25
[18:41:37] cmd shaft=1
[18:41:37] run=1
[18:41:37] sys_sta=2
[18:41:37] head_sta=1
[18:41:37] jmp val=2
[18:41:37] patch jmp
[18:41:37] need jump
[18:41:37] head emb_stat=1
[18:41:37] cmd close jump
[18:41:37] match_start cnt=222 angle=119 Tcnt=0
[18:41:38] match_stop1 cnt=3105 angle=19 Tcnt=0
[18:41:39] cmd normal
[18:41:39] run=1
[18:41:39] sys_sta=1
[18:41:39] head_sta=1
[18:41:39] jmp val=0
[18:41:39] no jump
[18:41:39] go to B
[18:41:39] emb start
[18:41:39] head sys sta=1
[18:41:39] head emb_stat=2
[18:41:39] match_start cnt=222 angle=119 Tcnt=0
[18:41:39] unblocked
[18:41:39] cur_on_dst
[18:41:39] E_B 1106
[18:41:39] B_E 2775
[18:41:39] match_stop1 cnt=3099 angle=18 Tcnt=0
[18:41:40] is_at_D:468,actual_pos:772119,POS_D:771651
[18:41:40] trip failed, accumulated_fails=12
[18:41:40] trip failed
[18:41:40] E_B 1106
[18:41:40] B_E 2775
[18:41:40] E_B 1106
[18:41:40] B_E 2775
[18:41:40] E_B 1106
[18:41:40] B_E 2775
[18:41:40] E_B 1106
[18:41:40] B_E 2775
[18:41:40] E_B 1106
[18:41:40] B_E 2775
[18:41:40] E_B 1106
[18:41:41] B_E 2775
[18:41:41] E_B 1106
[18:41:41] B_E 2775
[18:41:41] E_B 1106
[18:41:41] B_E 2775
[18:41:41] E_B 1106
[18:41:41] B_E 2775
[18:41:41] E_B 1106
[18:41:41] B_E 2775
[18:41:41] E_B 1106
[18:41:41] B_E 2775
[18:41:41] E_B 1106
[18:41:41] B_E 2775
[18:41:41] E_B 1106
[18:41:41] B_E 2775
[18:41:41] E_B 1107
[18:41:41] B_E 2775
[18:41:41] E_B 1106
[18:41:41] B_E 2776
[18:41:41] E_B 1106
[18:41:42] B_E 2775
[18:41:42] E_B 1106
[18:41:42] B_E 2775
[18:41:42] E_B 1106
[18:41:42] B_E 2775
[18:41:42] E_B 1106
[18:41:42] B_E 2775
[18:41:42] E_B 1106
[18:41:42] B_E 2775
[18:41:42] E_B 1106
[18:41:42] B_E 2775
[18:41:42] E_B 1106
[18:41:42] B_E 2775
[18:41:42] E_B 1106
[18:41:42] B_E 2775
[18:41:42] E_B 1106
[18:41:42] B_E 2775
[18:41:43] E_B 1106
[18:41:43] B_E 2775
[18:41:43] cir_5_7
[18:41:43] run=1
[18:41:43] sys_sta=1
[18:41:43] head_sta=1
[18:41:43] jmp val=4
[18:41:43] cmd jmp
[18:41:43] need jump
[18:41:43] match_start cnt=225 angle=120 Tcnt=0
[18:41:43] go to hook delay
[18:41:43] hook delay
[18:41:44] match_stop1 cnt=3088 angle=17 Tcnt=0
[18:41:44] cmd shaft=0
[18:41:44] run=0
[18:41:44] sys_sta=3
[18:41:44] head_sta=1
[18:41:44] jmp val=0
[18:41:44] no jump
[18:41:44] head sys sta=3
[18:41:44] head emb_stat=0
[18:41:44] frq=100~800: min=0  max=14
[18:41:44] pulse=162: min=0 max=14
[18:41:44] pulse=162 acc_pulse=28 Lmax_pulse=134
[18:41:48] cir_5_20
[18:41:50] cir_5_20
[18:41:57] cmd shaft=0
[18:41:57] cir_0_20
[18:41:57] go to A
[18:41:57] cir_0_20
[18:41:57] go to A
