[14:18:12] protect no
[14:18:12] protect byte: RDP=0x5aa5
[14:18:12] key/cmd trig up jdg
[14:18:14] key trig up nohard ver: 1
[14:18:14] [2J[1H
[14:18:14] _         _   _                  _          _ _
[14:18:14] | |    ___| |_| |_ ___ _ __   ___| |__   ___| | |
[14:18:14] | |   / _ \ __| __/ _ \ '__| / __| '_ \ / _ \ | |
[14:18:14] | |__|  __/ |_| ||  __/ |    \__ \ | | |  __/ | |
[14:18:14] |_____\___|\__|\__\___|_|    |___/_| |_|\___|_|_|
[14:18:14] Build:       Apr  1 2026 15:03:39
[14:18:14] Version:     3.2.0
[14:18:14] Copyright:   (c) 2020 Letter
[14:18:15] letter:/$
[14:18:16] dma id err: id=10 remain=289  size=300
[14:18:16] 22 40 00 00 62 8A 22 40 00 00
[14:18:16] 8A 22 40 00 00 62 22 40 00 00
[14:18:16] rd pos cnt=2
[14:18:16] --head --
[14:18:16] -- Compiled: Apr  3 2026 17:57:54 --
[14:18:16] enter app
[14:18:16] rd product
[14:18:16] cmd rv product
[14:18:17] rd param=0
[14:18:17] cmd rv param=0
[14:18:17] rd param=1
[14:18:17] cmd rv param=1
