[14:31:08] protect no
[14:31:08] protect byte: RDP=0x5aa5
[14:31:08] key/cmd trig up jdg
[14:31:10] key trig up nohard ver: 1
[14:31:10] [2J[1H
[14:31:10] _         _   _                  _          _ _
[14:31:10] | |    ___| |_| |_ ___ _ __   ___| |__   ___| | |
[14:31:10] | |   / _ \ __| __/ _ \ '__| / __| '_ \ / _ \ | |
[14:31:10] | |__|  __/ |_| ||  __/ |    \__ \ | | |  __/ | |
[14:31:10] |_____\___|\__|\__\___|_|    |___/_| |_|\___|_|_|
[14:31:10] Build:       Apr  1 2026 15:03:39
[14:31:10] Version:     3.2.0
[14:31:10] Copyright:   (c) 2020 Letter
[14:31:11] letter:/$
[14:31:12] dma id err: id=10 remain=289  size=300
[14:31:12] 1D 90 00 00 8D 8A 1D 90 00 00
[14:31:12] 8A 1D 90 00 00 8D 1D 90 00 00
[14:31:12] rd pos cnt=2
[14:31:12] --head --
[14:31:12] -- Compiled: Apr  3 2026 17:57:54 --
[14:31:12] enter app
[14:31:12] rd product
[14:31:12] cmd rv product
[14:31:12] rd param=0
[14:31:12] cmd rv param=0
[14:31:13] rd param=1
[14:31:13] cmd rv param=1
