[14:59:23] protect no
[14:59:23] protect byte: RDP=0x5aa5
[14:59:23] key/cmd trig up jdg
[14:59:25] key trig up nohard ver: 1
[14:59:25] [2J[1H
[14:59:25] _         _   _                  _          _ _
[14:59:25] | |    ___| |_| |_ ___ _ __   ___| |__   ___| | |
[14:59:25] | |   / _ \ __| __/ _ \ '__| / __| '_ \ / _ \ | |
[14:59:25] | |__|  __/ |_| ||  __/ |    \__ \ | | |  __/ | |
[14:59:25] |_____\___|\__|\__\___|_|    |___/_| |_|\___|_|_|
[14:59:25] Build:       Apr  1 2026 15:03:39
[14:59:25] Version:     3.2.0
[14:59:25] Copyright:   (c) 2020 Letter
[14:59:26] letter:/$
[14:59:26] dma id err: id=10 remain=289  size=300
[14:59:26] 22 40 00 00 62 8A 22 40 00 00
[14:59:26] 8A 22 40 00 00 62 22 40 00 00
[14:59:26] rd pos cnt=2
[14:59:26] --head --
[14:59:26] -- Compiled: Apr  3 2026 17:57:54 --
[14:59:26] enter app
[14:59:27] rd product
[14:59:27] cmd rv product
[14:59:27] rd param=0
[14:59:27] cmd rv param=0
[14:59:27] rd param=1
[14:59:27] cmd rv param=1
